<?xml version="1.0" encoding="UTF-8"?>
<testsuite xmlns:xsi="http://www.w3.org/2001/XMLSchema-instance" xsi:noNamespaceSchemaLocation="https://maven.apache.org/surefire/maven-surefire-plugin/xsd/surefire-test-report.xsd" name="org.apache.flink.fs.azurefs.AzureFSFactoryTest" time="1.199" tests="6" errors="0" skipped="0" failures="0">
  <properties>
    <property name="gopherProxySet" value="false"/>
    <property name="awt.toolkit" value="sun.lwawt.macosx.LWCToolkit"/>
    <property name="git.tags" value=""/>
    <property name="file.encoding.pkg" value="sun.io"/>
    <property name="java.specification.version" value="1.8"/>
    <property name="sun.cpu.isalist" value=""/>
    <property name="forkNumber" value="04"/>
    <property name="git.build.version" value="1.12.0"/>
    <property name="sun.jnu.encoding" value="UTF-8"/>
    <property name="java.class.path" value="/Users/linyilong/IdeaProjects/architect/flink-comments/flink-filesystems/flink-azure-fs-hadoop/target/test-classes:/Users/linyilong/IdeaProjects/architect/flink-comments/flink-filesystems/flink-azure-fs-hadoop/target/classes:/Users/linyilong/IdeaProjects/architect/flink-comments/flink-core/target/flink-core-1.12.0.jar:/Users/linyilong/IdeaProjects/architect/flink-comments/flink-annotations/target/flink-annotations-1.12.0.jar:/Users/linyilong/IdeaProjects/architect/flink-comments/flink-metrics/flink-metrics-core/target/flink-metrics-core-1.12.0.jar:/Users/linyilong/.m2/repository/org/apache/flink/flink-shaded-asm-7/7.1-12.0/flink-shaded-asm-7-7.1-12.0.jar:/Users/linyilong/.m2/repository/org/apache/commons/commons-lang3/3.3.2/commons-lang3-3.3.2.jar:/Users/linyilong/.m2/repository/com/esotericsoftware/kryo/kryo/2.24.0/kryo-2.24.0.jar:/Users/linyilong/.m2/repository/com/esotericsoftware/minlog/minlog/1.2/minlog-1.2.jar:/Users/linyilong/.m2/repository/commons-collections/commons-collections/3.2.2/commons-collections-3.2.2.jar:/Users/linyilong/.m2/repository/org/apache/commons/commons-compress/1.20/commons-compress-1.20.jar:/Users/linyilong/.m2/repository/org/apache/flink/flink-shaded-guava/18.0-12.0/flink-shaded-guava-18.0-12.0.jar:/Users/linyilong/IdeaProjects/architect/flink-comments/flink-filesystems/flink-hadoop-fs/target/flink-hadoop-fs-1.12.0.jar:/Users/linyilong/IdeaProjects/architect/flink-comments/flink-filesystems/flink-fs-hadoop-shaded/target/flink-fs-hadoop-shaded-1.12.0.jar:/Users/linyilong/.m2/repository/org/apache/hadoop/hadoop-common/2.4.1/hadoop-common-2.4.1.jar:/Users/linyilong/.m2/repository/org/apache/hadoop/hadoop-annotations/2.4.1/hadoop-annotations-2.4.1.jar:/Users/linyilong/.m2/repository/xmlenc/xmlenc/0.52/xmlenc-0.52.jar:/Users/linyilong/.m2/repository/commons-httpclient/commons-httpclient/3.1/commons-httpclient-3.1.jar:/Users/linyilong/.m2/repository/commons-io/commons-io/2.7/commons-io-2.7.jar:/Users/linyilong/.m2/repository/javax/servlet/servlet-api/2.5/servlet-api-2.5.jar:/Users/linyilong/.m2/repository/org/mortbay/jetty/jetty/6.1.26/jetty-6.1.26.jar:/Users/linyilong/.m2/repository/org/mortbay/jetty/jetty-util/6.1.26/jetty-util-6.1.26.jar:/Users/linyilong/.m2/repository/tomcat/jasper-compiler/5.5.23/jasper-compiler-5.5.23.jar:/Users/linyilong/.m2/repository/tomcat/jasper-runtime/5.5.23/jasper-runtime-5.5.23.jar:/Users/linyilong/.m2/repository/commons-el/commons-el/1.0/commons-el-1.0.jar:/Users/linyilong/.m2/repository/commons-logging/commons-logging/1.1.3/commons-logging-1.1.3.jar:/Users/linyilong/.m2/repository/net/java/dev/jets3t/jets3t/0.9.0/jets3t-0.9.0.jar:/Users/linyilong/.m2/repository/com/jamesmurty/utils/java-xmlbuilder/0.4/java-xmlbuilder-0.4.jar:/Users/linyilong/.m2/repository/commons-lang/commons-lang/2.6/commons-lang-2.6.jar:/Users/linyilong/.m2/repository/commons-configuration/commons-configuration/1.7/commons-configuration-1.7.jar:/Users/linyilong/.m2/repository/commons-digester/commons-digester/1.8.1/commons-digester-1.8.1.jar:/Users/linyilong/.m2/repository/commons-beanutils/commons-beanutils/1.8.3/commons-beanutils-1.8.3.jar:/Users/linyilong/.m2/repository/org/codehaus/jackson/jackson-core-asl/1.8.8/jackson-core-asl-1.8.8.jar:/Users/linyilong/.m2/repository/org/codehaus/jackson/jackson-mapper-asl/1.8.8/jackson-mapper-asl-1.8.8.jar:/Users/linyilong/.m2/repository/org/apache/hadoop/hadoop-auth/2.4.1/hadoop-auth-2.4.1.jar:/Users/linyilong/.m2/repository/org/apache/hadoop/hadoop-azure/3.1.0/hadoop-azure-3.1.0.jar:/Users/linyilong/.m2/repository/com/fasterxml/jackson/core/jackson-core/2.10.1/jackson-core-2.10.1.jar:/Users/linyilong/.m2/repository/org/apache/httpcomponents/httpclient/4.5.3/httpclient-4.5.3.jar:/Users/linyilong/.m2/repository/org/apache/httpcomponents/httpcore/4.4.6/httpcore-4.4.6.jar:/Users/linyilong/.m2/repository/commons-codec/commons-codec/1.13/commons-codec-1.13.jar:/Users/linyilong/.m2/repository/com/microsoft/azure/azure-storage/5.4.0/azure-storage-5.4.0.jar:/Users/linyilong/.m2/repository/com/microsoft/azure/azure-keyvault-core/0.8.0/azure-keyvault-core-0.8.0.jar:/Users/linyilong/.m2/repository/com/google/guava/guava/11.0.2/guava-11.0.2.jar:/Users/linyilong/.m2/repository/org/eclipse/jetty/jetty-util-ajax/9.3.24.v20180605/jetty-util-ajax-9.3.24.v20180605.jar:/Users/linyilong/.m2/repository/org/eclipse/jetty/jetty-util/9.3.24.v20180605/jetty-util-9.3.24.v20180605.jar:/Users/linyilong/.m2/repository/com/fasterxml/jackson/core/jackson-databind/2.10.1/jackson-databind-2.10.1.jar:/Users/linyilong/.m2/repository/com/fasterxml/jackson/core/jackson-annotations/2.10.1/jackson-annotations-2.10.1.jar:/Users/linyilong/.m2/repository/com/microsoft/azure/azure/1.16.0/azure-1.16.0.jar:/Users/linyilong/.m2/repository/com/microsoft/azure/azure-client-runtime/1.6.2/azure-client-runtime-1.6.2.jar:/Users/linyilong/.m2/repository/com/microsoft/rest/client-runtime/1.6.2/client-runtime-1.6.2.jar:/Users/linyilong/.m2/repository/com/squareup/retrofit2/retrofit/2.4.0/retrofit-2.4.0.jar:/Users/linyilong/.m2/repository/com/squareup/okhttp3/okhttp/3.11.0/okhttp-3.11.0.jar:/Users/linyilong/.m2/repository/com/squareup/okio/okio/1.14.0/okio-1.14.0.jar:/Users/linyilong/.m2/repository/com/squareup/okhttp3/logging-interceptor/3.11.0/logging-interceptor-3.11.0.jar:/Users/linyilong/.m2/repository/com/squareup/okhttp3/okhttp-urlconnection/3.11.0/okhttp-urlconnection-3.11.0.jar:/Users/linyilong/.m2/repository/com/squareup/retrofit2/converter-jackson/2.4.0/converter-jackson-2.4.0.jar:/Users/linyilong/.m2/repository/com/fasterxml/jackson/datatype/jackson-datatype-joda/2.10.1/jackson-datatype-joda-2.10.1.jar:/Users/linyilong/.m2/repository/com/squareup/retrofit2/adapter-rxjava/2.4.0/adapter-rxjava-2.4.0.jar:/Users/linyilong/.m2/repository/com/microsoft/azure/azure-client-authentication/1.6.2/azure-client-authentication-1.6.2.jar:/Users/linyilong/.m2/repository/com/microsoft/azure/adal4j/1.6.2/adal4j-1.6.2.jar:/Users/linyilong/.m2/repository/com/nimbusds/oauth2-oidc-sdk/5.64.4/oauth2-oidc-sdk-5.64.4.jar:/Users/linyilong/.m2/repository/com/sun/mail/javax.mail/1.6.1/javax.mail-1.6.1.jar:/Users/linyilong/.m2/repository/javax/activation/activation/1.1/activation-1.1.jar:/Users/linyilong/.m2/repository/com/github/stephenc/jcip/jcip-annotations/1.0-1/jcip-annotations-1.0-1.jar:/Users/linyilong/.m2/repository/net/minidev/json-smart/2.3/json-smart-2.3.jar:/Users/linyilong/.m2/repository/net/minidev/accessors-smart/1.2/accessors-smart-1.2.jar:/Users/linyilong/.m2/repository/org/ow2/asm/asm/5.0.4/asm-5.0.4.jar:/Users/linyilong/.m2/repository/com/nimbusds/lang-tag/1.5/lang-tag-1.5.jar:/Users/linyilong/.m2/repository/com/nimbusds/nimbus-jose-jwt/9.12.1/nimbus-jose-jwt-9.12.1.jar:/Users/linyilong/.m2/repository/com/microsoft/azure/azure-annotations/1.2.0/azure-annotations-1.2.0.jar:/Users/linyilong/.m2/repository/com/microsoft/azure/azure-mgmt-resources/1.16.0/azure-mgmt-resources-1.16.0.jar:/Users/linyilong/.m2/repository/io/reactivex/rxjava/1.3.8/rxjava-1.3.8.jar:/Users/linyilong/.m2/repository/com/microsoft/azure/azure-mgmt-storage/1.16.0/azure-mgmt-storage-1.16.0.jar:/Users/linyilong/.m2/repository/com/microsoft/azure/azure-mgmt-network/1.16.0/azure-mgmt-network-1.16.0.jar:/Users/linyilong/.m2/repository/com/microsoft/azure/azure-mgmt-compute/1.16.0/azure-mgmt-compute-1.16.0.jar:/Users/linyilong/.m2/repository/com/google/code/gson/gson/2.2.4/gson-2.2.4.jar:/Users/linyilong/.m2/repository/com/microsoft/azure/azure-mgmt-graph-rbac/1.16.0/azure-mgmt-graph-rbac-1.16.0.jar:/Users/linyilong/.m2/repository/com/microsoft/azure/azure-mgmt-keyvault/1.16.0/azure-mgmt-keyvault-1.16.0.jar:/Users/linyilong/.m2/repository/com/microsoft/azure/azure-keyvault/1.0.0/azure-keyvault-1.0.0.jar:/Users/linyilong/.m2/repository/com/microsoft/azure/azure-keyvault-webkey/1.0.0/azure-keyvault-webkey-1.0.0.jar:/Users/linyilong/.m2/repository/com/microsoft/azure/azure-mgmt-batch/1.16.0/azure-mgmt-batch-1.16.0.jar:/Users/linyilong/.m2/repository/com/microsoft/azure/azure-mgmt-trafficmanager/1.16.0/azure-mgmt-trafficmanager-1.16.0.jar:/Users/linyilong/.m2/repository/com/microsoft/azure/azure-mgmt-dns/1.16.0/azure-mgmt-dns-1.16.0.jar:/Users/linyilong/.m2/repository/com/microsoft/azure/azure-mgmt-redis/1.16.0/azure-mgmt-redis-1.16.0.jar:/Users/linyilong/.m2/repository/com/microsoft/azure/azure-mgmt-appservice/1.16.0/azure-mgmt-appservice-1.16.0.jar:/Users/linyilong/.m2/repository/com/microsoft/azure/azure-mgmt-locks/1.16.0/azure-mgmt-locks-1.16.0.jar:/Users/linyilong/.m2/repository/com/microsoft/azure/azure-mgmt-eventhub/1.16.0/azure-mgmt-eventhub-1.16.0.jar:/Users/linyilong/.m2/repository/com/microsoft/azure/azure-mgmt-cdn/1.16.0/azure-mgmt-cdn-1.16.0.jar:/Users/linyilong/.m2/repository/com/microsoft/azure/azure-mgmt-sql/1.16.0/azure-mgmt-sql-1.16.0.jar:/Users/linyilong/.m2/repository/com/microsoft/azure/azure-mgmt-containerinstance/1.16.0/azure-mgmt-containerinstance-1.16.0.jar:/Users/linyilong/.m2/repository/com/microsoft/azure/azure-mgmt-containerregistry/1.16.0/azure-mgmt-containerregistry-1.16.0.jar:/Users/linyilong/.m2/repository/com/microsoft/azure/azure-mgmt-containerservice/1.16.0/azure-mgmt-containerservice-1.16.0.jar:/Users/linyilong/.m2/repository/com/microsoft/azure/azure-mgmt-cosmosdb/1.16.0/azure-mgmt-cosmosdb-1.16.0.jar:/Users/linyilong/.m2/repository/com/microsoft/azure/azure-mgmt-search/1.16.0/azure-mgmt-search-1.16.0.jar:/Users/linyilong/.m2/repository/com/microsoft/azure/azure-mgmt-msi/1.16.0/azure-mgmt-msi-1.16.0.jar:/Users/linyilong/.m2/repository/com/microsoft/azure/azure-mgmt-monitor/1.16.0/azure-mgmt-monitor-1.16.0.jar:/Users/linyilong/.m2/repository/com/microsoft/azure/azure-mgmt-servicebus/1.16.0/azure-mgmt-servicebus-1.16.0.jar:/Users/linyilong/.m2/repository/joda-time/joda-time/2.5/joda-time-2.5.jar:/Users/linyilong/.m2/repository/com/microsoft/azure/azure-mgmt-batchai/1.16.0/azure-mgmt-batchai-1.16.0.jar:/Users/linyilong/IdeaProjects/architect/flink-comments/flink-core/target/flink-core-1.12.0-tests.jar:/Users/linyilong/.m2/repository/org/slf4j/slf4j-api/1.7.15/slf4j-api-1.7.15.jar:/Users/linyilong/.m2/repository/com/google/code/findbugs/jsr305/1.3.9/jsr305-1.3.9.jar:/Users/linyilong/IdeaProjects/architect/flink-comments/flink-test-utils-parent/flink-test-utils-junit/target/flink-test-utils-junit-1.12.0.jar:/Users/linyilong/IdeaProjects/architect/flink-comments/tools/force-shading/target/force-shading-1.12.0.jar:/Users/linyilong/.m2/repository/junit/junit/4.12/junit-4.12.jar:/Users/linyilong/.m2/repository/org/hamcrest/hamcrest-core/1.3/hamcrest-core-1.3.jar:/Users/linyilong/.m2/repository/org/mockito/mockito-core/2.21.0/mockito-core-2.21.0.jar:/Users/linyilong/.m2/repository/net/bytebuddy/byte-buddy/1.8.15/byte-buddy-1.8.15.jar:/Users/linyilong/.m2/repository/net/bytebuddy/byte-buddy-agent/1.8.15/byte-buddy-agent-1.8.15.jar:/Users/linyilong/.m2/repository/org/objenesis/objenesis/2.1/objenesis-2.1.jar:/Users/linyilong/.m2/repository/org/powermock/powermock-module-junit4/2.0.4/powermock-module-junit4-2.0.4.jar:/Users/linyilong/.m2/repository/org/powermock/powermock-module-junit4-common/2.0.4/powermock-module-junit4-common-2.0.4.jar:/Users/linyilong/.m2/repository/org/powermock/powermock-reflect/2.0.4/powermock-reflect-2.0.4.jar:/Users/linyilong/.m2/repository/org/powermock/powermock-core/2.0.4/powermock-core-2.0.4.jar:/Users/linyilong/.m2/repository/org/javassist/javassist/3.24.0-GA/javassist-3.24.0-GA.jar:/Users/linyilong/.m2/repository/org/powermock/powermock-api-mockito2/2.0.4/powermock-api-mockito2-2.0.4.jar:/Users/linyilong/.m2/repository/org/powermock/powermock-api-support/2.0.4/powermock-api-support-2.0.4.jar:/Users/linyilong/.m2/repository/org/hamcrest/hamcrest-all/1.3/hamcrest-all-1.3.jar:/Users/linyilong/.m2/repository/org/apache/logging/log4j/log4j-slf4j-impl/2.12.1/log4j-slf4j-impl-2.12.1.jar:/Users/linyilong/.m2/repository/org/apache/logging/log4j/log4j-api/2.12.1/log4j-api-2.12.1.jar:/Users/linyilong/.m2/repository/org/apache/logging/log4j/log4j-core/2.12.1/log4j-core-2.12.1.jar:/Users/linyilong/.m2/repository/org/apache/logging/log4j/log4j-1.2-api/2.12.1/log4j-1.2-api-2.12.1.jar:"/>
    <property name="git.build.host" value="localhost"/>
    <property name="java.vm.vendor" value="Oracle Corporation"/>
    <property name="sun.arch.data.model" value="64"/>
    <property name="hadoop.version" value="2.4.1"/>
    <property name="git.commit.id" value="8ae020749cf61fe336cc801f0c2d683ec8dffb02"/>
    <property name="java.vendor.url" value="http://java.oracle.com/"/>
    <property name="user.timezone" value=""/>
    <property name="os.name" value="Mac OS X"/>
    <property name="java.vm.specification.version" value="1.8"/>
    <property name="sun.java.launcher" value="SUN_STANDARD"/>
    <property name="user.country" value="CN"/>
    <property name="sun.boot.library.path" value="/Library/Java/JavaVirtualMachines/jdk1.8.0_251.jdk/Contents/Home/jre/lib"/>
    <property name="project.basedir" value="/Users/linyilong/IdeaProjects/architect/flink-comments/flink-filesystems/flink-azure-fs-hadoop"/>
    <property name="sun.java.command" value="/Users/linyilong/IdeaProjects/architect/flink-comments/flink-filesystems/flink-azure-fs-hadoop/target/surefire/surefirebooter6923396171655709199.jar /Users/linyilong/IdeaProjects/architect/flink-comments/flink-filesystems/flink-azure-fs-hadoop/target/surefire 2021-08-22T09-57-04_356-jvmRun4 surefire1450679612354491645tmp surefire_7995254299546251839690tmp"/>
    <property name="http.nonProxyHosts" value="local|*.local|169.254/16|*.169.254/16"/>
    <property name="surefire.test.class.path" value="/Users/linyilong/IdeaProjects/architect/flink-comments/flink-filesystems/flink-azure-fs-hadoop/target/test-classes:/Users/linyilong/IdeaProjects/architect/flink-comments/flink-filesystems/flink-azure-fs-hadoop/target/classes:/Users/linyilong/IdeaProjects/architect/flink-comments/flink-core/target/flink-core-1.12.0.jar:/Users/linyilong/IdeaProjects/architect/flink-comments/flink-annotations/target/flink-annotations-1.12.0.jar:/Users/linyilong/IdeaProjects/architect/flink-comments/flink-metrics/flink-metrics-core/target/flink-metrics-core-1.12.0.jar:/Users/linyilong/.m2/repository/org/apache/flink/flink-shaded-asm-7/7.1-12.0/flink-shaded-asm-7-7.1-12.0.jar:/Users/linyilong/.m2/repository/org/apache/commons/commons-lang3/3.3.2/commons-lang3-3.3.2.jar:/Users/linyilong/.m2/repository/com/esotericsoftware/kryo/kryo/2.24.0/kryo-2.24.0.jar:/Users/linyilong/.m2/repository/com/esotericsoftware/minlog/minlog/1.2/minlog-1.2.jar:/Users/linyilong/.m2/repository/commons-collections/commons-collections/3.2.2/commons-collections-3.2.2.jar:/Users/linyilong/.m2/repository/org/apache/commons/commons-compress/1.20/commons-compress-1.20.jar:/Users/linyilong/.m2/repository/org/apache/flink/flink-shaded-guava/18.0-12.0/flink-shaded-guava-18.0-12.0.jar:/Users/linyilong/IdeaProjects/architect/flink-comments/flink-filesystems/flink-hadoop-fs/target/flink-hadoop-fs-1.12.0.jar:/Users/linyilong/IdeaProjects/architect/flink-comments/flink-filesystems/flink-fs-hadoop-shaded/target/flink-fs-hadoop-shaded-1.12.0.jar:/Users/linyilong/.m2/repository/org/apache/hadoop/hadoop-common/2.4.1/hadoop-common-2.4.1.jar:/Users/linyilong/.m2/repository/org/apache/hadoop/hadoop-annotations/2.4.1/hadoop-annotations-2.4.1.jar:/Users/linyilong/.m2/repository/xmlenc/xmlenc/0.52/xmlenc-0.52.jar:/Users/linyilong/.m2/repository/commons-httpclient/commons-httpclient/3.1/commons-httpclient-3.1.jar:/Users/linyilong/.m2/repository/commons-io/commons-io/2.7/commons-io-2.7.jar:/Users/linyilong/.m2/repository/javax/servlet/servlet-api/2.5/servlet-api-2.5.jar:/Users/linyilong/.m2/repository/org/mortbay/jetty/jetty/6.1.26/jetty-6.1.26.jar:/Users/linyilong/.m2/repository/org/mortbay/jetty/jetty-util/6.1.26/jetty-util-6.1.26.jar:/Users/linyilong/.m2/repository/tomcat/jasper-compiler/5.5.23/jasper-compiler-5.5.23.jar:/Users/linyilong/.m2/repository/tomcat/jasper-runtime/5.5.23/jasper-runtime-5.5.23.jar:/Users/linyilong/.m2/repository/commons-el/commons-el/1.0/commons-el-1.0.jar:/Users/linyilong/.m2/repository/commons-logging/commons-logging/1.1.3/commons-logging-1.1.3.jar:/Users/linyilong/.m2/repository/net/java/dev/jets3t/jets3t/0.9.0/jets3t-0.9.0.jar:/Users/linyilong/.m2/repository/com/jamesmurty/utils/java-xmlbuilder/0.4/java-xmlbuilder-0.4.jar:/Users/linyilong/.m2/repository/commons-lang/commons-lang/2.6/commons-lang-2.6.jar:/Users/linyilong/.m2/repository/commons-configuration/commons-configuration/1.7/commons-configuration-1.7.jar:/Users/linyilong/.m2/repository/commons-digester/commons-digester/1.8.1/commons-digester-1.8.1.jar:/Users/linyilong/.m2/repository/commons-beanutils/commons-beanutils/1.8.3/commons-beanutils-1.8.3.jar:/Users/linyilong/.m2/repository/org/codehaus/jackson/jackson-core-asl/1.8.8/jackson-core-asl-1.8.8.jar:/Users/linyilong/.m2/repository/org/codehaus/jackson/jackson-mapper-asl/1.8.8/jackson-mapper-asl-1.8.8.jar:/Users/linyilong/.m2/repository/org/apache/hadoop/hadoop-auth/2.4.1/hadoop-auth-2.4.1.jar:/Users/linyilong/.m2/repository/org/apache/hadoop/hadoop-azure/3.1.0/hadoop-azure-3.1.0.jar:/Users/linyilong/.m2/repository/com/fasterxml/jackson/core/jackson-core/2.10.1/jackson-core-2.10.1.jar:/Users/linyilong/.m2/repository/org/apache/httpcomponents/httpclient/4.5.3/httpclient-4.5.3.jar:/Users/linyilong/.m2/repository/org/apache/httpcomponents/httpcore/4.4.6/httpcore-4.4.6.jar:/Users/linyilong/.m2/repository/commons-codec/commons-codec/1.13/commons-codec-1.13.jar:/Users/linyilong/.m2/repository/com/microsoft/azure/azure-storage/5.4.0/azure-storage-5.4.0.jar:/Users/linyilong/.m2/repository/com/microsoft/azure/azure-keyvault-core/0.8.0/azure-keyvault-core-0.8.0.jar:/Users/linyilong/.m2/repository/com/google/guava/guava/11.0.2/guava-11.0.2.jar:/Users/linyilong/.m2/repository/org/eclipse/jetty/jetty-util-ajax/9.3.24.v20180605/jetty-util-ajax-9.3.24.v20180605.jar:/Users/linyilong/.m2/repository/org/eclipse/jetty/jetty-util/9.3.24.v20180605/jetty-util-9.3.24.v20180605.jar:/Users/linyilong/.m2/repository/com/fasterxml/jackson/core/jackson-databind/2.10.1/jackson-databind-2.10.1.jar:/Users/linyilong/.m2/repository/com/fasterxml/jackson/core/jackson-annotations/2.10.1/jackson-annotations-2.10.1.jar:/Users/linyilong/.m2/repository/com/microsoft/azure/azure/1.16.0/azure-1.16.0.jar:/Users/linyilong/.m2/repository/com/microsoft/azure/azure-client-runtime/1.6.2/azure-client-runtime-1.6.2.jar:/Users/linyilong/.m2/repository/com/microsoft/rest/client-runtime/1.6.2/client-runtime-1.6.2.jar:/Users/linyilong/.m2/repository/com/squareup/retrofit2/retrofit/2.4.0/retrofit-2.4.0.jar:/Users/linyilong/.m2/repository/com/squareup/okhttp3/okhttp/3.11.0/okhttp-3.11.0.jar:/Users/linyilong/.m2/repository/com/squareup/okio/okio/1.14.0/okio-1.14.0.jar:/Users/linyilong/.m2/repository/com/squareup/okhttp3/logging-interceptor/3.11.0/logging-interceptor-3.11.0.jar:/Users/linyilong/.m2/repository/com/squareup/okhttp3/okhttp-urlconnection/3.11.0/okhttp-urlconnection-3.11.0.jar:/Users/linyilong/.m2/repository/com/squareup/retrofit2/converter-jackson/2.4.0/converter-jackson-2.4.0.jar:/Users/linyilong/.m2/repository/com/fasterxml/jackson/datatype/jackson-datatype-joda/2.10.1/jackson-datatype-joda-2.10.1.jar:/Users/linyilong/.m2/repository/com/squareup/retrofit2/adapter-rxjava/2.4.0/adapter-rxjava-2.4.0.jar:/Users/linyilong/.m2/repository/com/microsoft/azure/azure-client-authentication/1.6.2/azure-client-authentication-1.6.2.jar:/Users/linyilong/.m2/repository/com/microsoft/azure/adal4j/1.6.2/adal4j-1.6.2.jar:/Users/linyilong/.m2/repository/com/nimbusds/oauth2-oidc-sdk/5.64.4/oauth2-oidc-sdk-5.64.4.jar:/Users/linyilong/.m2/repository/com/sun/mail/javax.mail/1.6.1/javax.mail-1.6.1.jar:/Users/linyilong/.m2/repository/javax/activation/activation/1.1/activation-1.1.jar:/Users/linyilong/.m2/repository/com/github/stephenc/jcip/jcip-annotations/1.0-1/jcip-annotations-1.0-1.jar:/Users/linyilong/.m2/repository/net/minidev/json-smart/2.3/json-smart-2.3.jar:/Users/linyilong/.m2/repository/net/minidev/accessors-smart/1.2/accessors-smart-1.2.jar:/Users/linyilong/.m2/repository/org/ow2/asm/asm/5.0.4/asm-5.0.4.jar:/Users/linyilong/.m2/repository/com/nimbusds/lang-tag/1.5/lang-tag-1.5.jar:/Users/linyilong/.m2/repository/com/nimbusds/nimbus-jose-jwt/9.12.1/nimbus-jose-jwt-9.12.1.jar:/Users/linyilong/.m2/repository/com/microsoft/azure/azure-annotations/1.2.0/azure-annotations-1.2.0.jar:/Users/linyilong/.m2/repository/com/microsoft/azure/azure-mgmt-resources/1.16.0/azure-mgmt-resources-1.16.0.jar:/Users/linyilong/.m2/repository/io/reactivex/rxjava/1.3.8/rxjava-1.3.8.jar:/Users/linyilong/.m2/repository/com/microsoft/azure/azure-mgmt-storage/1.16.0/azure-mgmt-storage-1.16.0.jar:/Users/linyilong/.m2/repository/com/microsoft/azure/azure-mgmt-network/1.16.0/azure-mgmt-network-1.16.0.jar:/Users/linyilong/.m2/repository/com/microsoft/azure/azure-mgmt-compute/1.16.0/azure-mgmt-compute-1.16.0.jar:/Users/linyilong/.m2/repository/com/google/code/gson/gson/2.2.4/gson-2.2.4.jar:/Users/linyilong/.m2/repository/com/microsoft/azure/azure-mgmt-graph-rbac/1.16.0/azure-mgmt-graph-rbac-1.16.0.jar:/Users/linyilong/.m2/repository/com/microsoft/azure/azure-mgmt-keyvault/1.16.0/azure-mgmt-keyvault-1.16.0.jar:/Users/linyilong/.m2/repository/com/microsoft/azure/azure-keyvault/1.0.0/azure-keyvault-1.0.0.jar:/Users/linyilong/.m2/repository/com/microsoft/azure/azure-keyvault-webkey/1.0.0/azure-keyvault-webkey-1.0.0.jar:/Users/linyilong/.m2/repository/com/microsoft/azure/azure-mgmt-batch/1.16.0/azure-mgmt-batch-1.16.0.jar:/Users/linyilong/.m2/repository/com/microsoft/azure/azure-mgmt-trafficmanager/1.16.0/azure-mgmt-trafficmanager-1.16.0.jar:/Users/linyilong/.m2/repository/com/microsoft/azure/azure-mgmt-dns/1.16.0/azure-mgmt-dns-1.16.0.jar:/Users/linyilong/.m2/repository/com/microsoft/azure/azure-mgmt-redis/1.16.0/azure-mgmt-redis-1.16.0.jar:/Users/linyilong/.m2/repository/com/microsoft/azure/azure-mgmt-appservice/1.16.0/azure-mgmt-appservice-1.16.0.jar:/Users/linyilong/.m2/repository/com/microsoft/azure/azure-mgmt-locks/1.16.0/azure-mgmt-locks-1.16.0.jar:/Users/linyilong/.m2/repository/com/microsoft/azure/azure-mgmt-eventhub/1.16.0/azure-mgmt-eventhub-1.16.0.jar:/Users/linyilong/.m2/repository/com/microsoft/azure/azure-mgmt-cdn/1.16.0/azure-mgmt-cdn-1.16.0.jar:/Users/linyilong/.m2/repository/com/microsoft/azure/azure-mgmt-sql/1.16.0/azure-mgmt-sql-1.16.0.jar:/Users/linyilong/.m2/repository/com/microsoft/azure/azure-mgmt-containerinstance/1.16.0/azure-mgmt-containerinstance-1.16.0.jar:/Users/linyilong/.m2/repository/com/microsoft/azure/azure-mgmt-containerregistry/1.16.0/azure-mgmt-containerregistry-1.16.0.jar:/Users/linyilong/.m2/repository/com/microsoft/azure/azure-mgmt-containerservice/1.16.0/azure-mgmt-containerservice-1.16.0.jar:/Users/linyilong/.m2/repository/com/microsoft/azure/azure-mgmt-cosmosdb/1.16.0/azure-mgmt-cosmosdb-1.16.0.jar:/Users/linyilong/.m2/repository/com/microsoft/azure/azure-mgmt-search/1.16.0/azure-mgmt-search-1.16.0.jar:/Users/linyilong/.m2/repository/com/microsoft/azure/azure-mgmt-msi/1.16.0/azure-mgmt-msi-1.16.0.jar:/Users/linyilong/.m2/repository/com/microsoft/azure/azure-mgmt-monitor/1.16.0/azure-mgmt-monitor-1.16.0.jar:/Users/linyilong/.m2/repository/com/microsoft/azure/azure-mgmt-servicebus/1.16.0/azure-mgmt-servicebus-1.16.0.jar:/Users/linyilong/.m2/repository/joda-time/joda-time/2.5/joda-time-2.5.jar:/Users/linyilong/.m2/repository/com/microsoft/azure/azure-mgmt-batchai/1.16.0/azure-mgmt-batchai-1.16.0.jar:/Users/linyilong/IdeaProjects/architect/flink-comments/flink-core/target/flink-core-1.12.0-tests.jar:/Users/linyilong/.m2/repository/org/slf4j/slf4j-api/1.7.15/slf4j-api-1.7.15.jar:/Users/linyilong/.m2/repository/com/google/code/findbugs/jsr305/1.3.9/jsr305-1.3.9.jar:/Users/linyilong/IdeaProjects/architect/flink-comments/flink-test-utils-parent/flink-test-utils-junit/target/flink-test-utils-junit-1.12.0.jar:/Users/linyilong/IdeaProjects/architect/flink-comments/tools/force-shading/target/force-shading-1.12.0.jar:/Users/linyilong/.m2/repository/junit/junit/4.12/junit-4.12.jar:/Users/linyilong/.m2/repository/org/hamcrest/hamcrest-core/1.3/hamcrest-core-1.3.jar:/Users/linyilong/.m2/repository/org/mockito/mockito-core/2.21.0/mockito-core-2.21.0.jar:/Users/linyilong/.m2/repository/net/bytebuddy/byte-buddy/1.8.15/byte-buddy-1.8.15.jar:/Users/linyilong/.m2/repository/net/bytebuddy/byte-buddy-agent/1.8.15/byte-buddy-agent-1.8.15.jar:/Users/linyilong/.m2/repository/org/objenesis/objenesis/2.1/objenesis-2.1.jar:/Users/linyilong/.m2/repository/org/powermock/powermock-module-junit4/2.0.4/powermock-module-junit4-2.0.4.jar:/Users/linyilong/.m2/repository/org/powermock/powermock-module-junit4-common/2.0.4/powermock-module-junit4-common-2.0.4.jar:/Users/linyilong/.m2/repository/org/powermock/powermock-reflect/2.0.4/powermock-reflect-2.0.4.jar:/Users/linyilong/.m2/repository/org/powermock/powermock-core/2.0.4/powermock-core-2.0.4.jar:/Users/linyilong/.m2/repository/org/javassist/javassist/3.24.0-GA/javassist-3.24.0-GA.jar:/Users/linyilong/.m2/repository/org/powermock/powermock-api-mockito2/2.0.4/powermock-api-mockito2-2.0.4.jar:/Users/linyilong/.m2/repository/org/powermock/powermock-api-support/2.0.4/powermock-api-support-2.0.4.jar:/Users/linyilong/.m2/repository/org/hamcrest/hamcrest-all/1.3/hamcrest-all-1.3.jar:/Users/linyilong/.m2/repository/org/apache/logging/log4j/log4j-slf4j-impl/2.12.1/log4j-slf4j-impl-2.12.1.jar:/Users/linyilong/.m2/repository/org/apache/logging/log4j/log4j-api/2.12.1/log4j-api-2.12.1.jar:/Users/linyilong/.m2/repository/org/apache/logging/log4j/log4j-core/2.12.1/log4j-core-2.12.1.jar:/Users/linyilong/.m2/repository/org/apache/logging/log4j/log4j-1.2-api/2.12.1/log4j-1.2-api-2.12.1.jar:"/>
    <property name="sun.cpu.endian" value="little"/>
    <property name="user.home" value="/Users/linyilong"/>
    <property name="user.language" value="zh"/>
    <property name="git.closest.tag.commit.count" value=""/>
    <property name="java.specification.vendor" value="Oracle Corporation"/>
    <property name="java.home" value="/Library/Java/JavaVirtualMachines/jdk1.8.0_251.jdk/Contents/Home/jre"/>
    <property name="git.total.commit.count" value="1"/>
    <property name="file.separator" value="/"/>
    <property name="basedir" value="/Users/linyilong/IdeaProjects/architect/flink-comments/flink-filesystems/flink-azure-fs-hadoop"/>
    <property name="line.separator" value="&#10;"/>
    <property name="java.vm.specification.vendor" value="Oracle Corporation"/>
    <property name="java.specification.name" value="Java Platform API Specification"/>
    <property name="java.awt.graphicsenv" value="sun.awt.CGraphicsEnvironment"/>
    <property name="git.closest.tag.name" value=""/>
    <property name="idea.version2020.1.1" value="true"/>
    <property name="mvn.forkNumber" value="4"/>
    <property name="git.local.branch.ahead" value="0"/>
    <property name="git.build.time" value="2021-08-22T10:00:32+0800"/>
    <property name="surefire.real.class.path" value="/Users/linyilong/IdeaProjects/architect/flink-comments/flink-filesystems/flink-azure-fs-hadoop/target/surefire/surefirebooter6923396171655709199.jar"/>
    <property name="git.commit.message.full" value="&apos;init&apos;"/>
    <property name="sun.boot.class.path" value="/Library/Java/JavaVirtualMachines/jdk1.8.0_251.jdk/Contents/Home/jre/lib/resources.jar:/Library/Java/JavaVirtualMachines/jdk1.8.0_251.jdk/Contents/Home/jre/lib/rt.jar:/Library/Java/JavaVirtualMachines/jdk1.8.0_251.jdk/Contents/Home/jre/lib/sunrsasign.jar:/Library/Java/JavaVirtualMachines/jdk1.8.0_251.jdk/Contents/Home/jre/lib/jsse.jar:/Library/Java/JavaVirtualMachines/jdk1.8.0_251.jdk/Contents/Home/jre/lib/jce.jar:/Library/Java/JavaVirtualMachines/jdk1.8.0_251.jdk/Contents/Home/jre/lib/charsets.jar:/Library/Java/JavaVirtualMachines/jdk1.8.0_251.jdk/Contents/Home/jre/lib/jfr.jar:/Library/Java/JavaVirtualMachines/jdk1.8.0_251.jdk/Contents/Home/jre/classes"/>
    <property name="sun.management.compiler" value="HotSpot 64-Bit Tiered Compilers"/>
    <property name="ftp.nonProxyHosts" value="local|*.local|169.254/16|*.169.254/16"/>
    <property name="java.runtime.version" value="1.8.0_251-b08"/>
    <property name="user.name" value="linyilong"/>
    <property name="path.separator" value=":"/>
    <property name="os.version" value="10.15.7"/>
    <property name="java.endorsed.dirs" value="/Library/Java/JavaVirtualMachines/jdk1.8.0_251.jdk/Contents/Home/jre/lib/endorsed"/>
    <property name="java.runtime.name" value="Java(TM) SE Runtime Environment"/>
    <property name="file.encoding" value="UTF-8"/>
    <property name="java.vm.name" value="Java HotSpot(TM) 64-Bit Server VM"/>
    <property name="git.local.branch.behind" value="0"/>
    <property name="git.dirty" value="true"/>
    <property name="localRepository" value="/Users/linyilong/.m2/repository"/>
    <property name="java.vendor.url.bug" value="http://bugreport.sun.com/bugreport/"/>
    <property name="java.io.tmpdir" value="/var/folders/13/zrj4_mhs20s73h2kpdjtw4sr0000gn/T/"/>
    <property name="execution.checkpointing.unaligned" value="true"/>
    <property name="java.version" value="1.8.0_251"/>
    <property name="user.dir" value="/Users/linyilong/IdeaProjects/architect/flink-comments/flink-filesystems/flink-azure-fs-hadoop"/>
    <property name="os.arch" value="x86_64"/>
    <property name="git.commit.id.abbrev" value="8ae0207"/>
    <property name="java.vm.specification.name" value="Java Virtual Machine Specification"/>
    <property name="java.awt.printerjob" value="sun.lwawt.macosx.CPrinterJob"/>
    <property name="sun.os.patch.level" value="unknown"/>
    <property name="git.commit.message.short" value="&apos;init&apos;"/>
    <property name="java.library.path" value="/Users/linyilong/Library/Java/Extensions:/Library/Java/Extensions:/Network/Library/Java/Extensions:/System/Library/Java/Extensions:/usr/lib/java:."/>
    <property name="java.vendor" value="Oracle Corporation"/>
    <property name="java.vm.info" value="mixed mode"/>
    <property name="java.vm.version" value="25.251-b08"/>
    <property name="sun.io.unicode.encoding" value="UnicodeBig"/>
    <property name="java.ext.dirs" value="/Users/linyilong/Library/Java/Extensions:/Library/Java/JavaVirtualMachines/jdk1.8.0_251.jdk/Contents/Home/jre/lib/ext:/Library/Java/Extensions:/Network/Library/Java/Extensions:/System/Library/Java/Extensions:/usr/lib/java"/>
    <property name="java.class.version" value="52.0"/>
    <property name="socksNonProxyHosts" value="local|*.local|169.254/16|*.169.254/16"/>
    <property name="git.commit.time" value="2021-08-19T09:19:58+0800"/>
  </properties>
  <testcase name="testCreateFsWithMissingAuthority[Scheme = wasb]" classname="org.apache.flink.fs.azurefs.AzureFSFactoryTest" time="0.151"/>
  <testcase name="testCreateFsWithAuthorityMissingCreds[Scheme = wasb]" classname="org.apache.flink.fs.azurefs.AzureFSFactoryTest" time="0.551"/>
  <testcase name="testNullFsURI[Scheme = wasb]" classname="org.apache.flink.fs.azurefs.AzureFSFactoryTest" time="0.001"/>
  <testcase name="testCreateFsWithMissingAuthority[Scheme = wasbs]" classname="org.apache.flink.fs.azurefs.AzureFSFactoryTest" time="0.007"/>
  <testcase name="testCreateFsWithAuthorityMissingCreds[Scheme = wasbs]" classname="org.apache.flink.fs.azurefs.AzureFSFactoryTest" time="0.118"/>
  <testcase name="testNullFsURI[Scheme = wasbs]" classname="org.apache.flink.fs.azurefs.AzureFSFactoryTest" time="0"/>
</testsuite>