<?xml version="1.0" encoding="UTF-8"?>
<testsuite xmlns:xsi="http://www.w3.org/2001/XMLSchema-instance" xsi:noNamespaceSchemaLocation="https://maven.apache.org/surefire/maven-surefire-plugin/xsd/surefire-test-report.xsd" name="org.apache.flink.runtime.executiongraph.ExecutionVertexLocalityTest" time="5.812" tests="3" errors="0" skipped="0" failures="0">
  <properties>
    <property name="gopherProxySet" value="false"/>
    <property name="awt.toolkit" value="sun.lwawt.macosx.LWCToolkit"/>
    <property name="git.tags" value=""/>
    <property name="file.encoding.pkg" value="sun.io"/>
    <property name="java.specification.version" value="1.8"/>
    <property name="sun.cpu.isalist" value=""/>
    <property name="forkNumber" value="08"/>
    <property name="git.build.version" value="1.12.0"/>
    <property name="sun.jnu.encoding" value="UTF-8"/>
    <property name="java.class.path" value="/Users/linyilong/IdeaProjects/architect/flink-comments/flink-runtime/target/test-classes:/Users/linyilong/IdeaProjects/architect/flink-comments/flink-runtime/target/classes:/Users/linyilong/IdeaProjects/architect/flink-comments/flink-core/target/flink-core-1.12.0.jar:/Users/linyilong/IdeaProjects/architect/flink-comments/flink-annotations/target/flink-annotations-1.12.0.jar:/Users/linyilong/IdeaProjects/architect/flink-comments/flink-metrics/flink-metrics-core/target/flink-metrics-core-1.12.0.jar:/Users/linyilong/.m2/repository/org/apache/flink/flink-shaded-asm-7/7.1-12.0/flink-shaded-asm-7-7.1-12.0.jar:/Users/linyilong/.m2/repository/com/esotericsoftware/kryo/kryo/2.24.0/kryo-2.24.0.jar:/Users/linyilong/.m2/repository/com/esotericsoftware/minlog/minlog/1.2/minlog-1.2.jar:/Users/linyilong/.m2/repository/commons-collections/commons-collections/3.2.2/commons-collections-3.2.2.jar:/Users/linyilong/.m2/repository/org/apache/commons/commons-compress/1.20/commons-compress-1.20.jar:/Users/linyilong/IdeaProjects/architect/flink-comments/flink-java/target/flink-java-1.12.0.jar:/Users/linyilong/.m2/repository/org/apache/commons/commons-math3/3.5/commons-math3-3.5.jar:/Users/linyilong/IdeaProjects/architect/flink-comments/flink-queryable-state/flink-queryable-state-client-java/target/flink-queryable-state-client-java-1.12.0.jar:/Users/linyilong/IdeaProjects/architect/flink-comments/flink-filesystems/flink-hadoop-fs/target/flink-hadoop-fs-1.12.0.jar:/Users/linyilong/.m2/repository/org/apache/hadoop/hadoop-common/2.4.1/hadoop-common-2.4.1.jar:/Users/linyilong/.m2/repository/org/apache/hadoop/hadoop-annotations/2.4.1/hadoop-annotations-2.4.1.jar:/Users/linyilong/.m2/repository/com/google/guava/guava/11.0.2/guava-11.0.2.jar:/Users/linyilong/.m2/repository/xmlenc/xmlenc/0.52/xmlenc-0.52.jar:/Users/linyilong/.m2/repository/commons-httpclient/commons-httpclient/3.1/commons-httpclient-3.1.jar:/Users/linyilong/.m2/repository/commons-codec/commons-codec/1.13/commons-codec-1.13.jar:/Users/linyilong/.m2/repository/commons-net/commons-net/3.1/commons-net-3.1.jar:/Users/linyilong/.m2/repository/javax/servlet/servlet-api/2.5/servlet-api-2.5.jar:/Users/linyilong/.m2/repository/org/mortbay/jetty/jetty/6.1.26/jetty-6.1.26.jar:/Users/linyilong/.m2/repository/org/mortbay/jetty/jetty-util/6.1.26/jetty-util-6.1.26.jar:/Users/linyilong/.m2/repository/com/sun/jersey/jersey-core/1.9/jersey-core-1.9.jar:/Users/linyilong/.m2/repository/com/sun/jersey/jersey-json/1.9/jersey-json-1.9.jar:/Users/linyilong/.m2/repository/org/codehaus/jettison/jettison/1.1/jettison-1.1.jar:/Users/linyilong/.m2/repository/com/sun/xml/bind/jaxb-impl/2.2.3-1/jaxb-impl-2.2.3-1.jar:/Users/linyilong/.m2/repository/org/codehaus/jackson/jackson-jaxrs/1.8.3/jackson-jaxrs-1.8.3.jar:/Users/linyilong/.m2/repository/org/codehaus/jackson/jackson-xc/1.8.3/jackson-xc-1.8.3.jar:/Users/linyilong/.m2/repository/com/sun/jersey/jersey-server/1.9/jersey-server-1.9.jar:/Users/linyilong/.m2/repository/asm/asm/3.1/asm-3.1.jar:/Users/linyilong/.m2/repository/tomcat/jasper-compiler/5.5.23/jasper-compiler-5.5.23.jar:/Users/linyilong/.m2/repository/tomcat/jasper-runtime/5.5.23/jasper-runtime-5.5.23.jar:/Users/linyilong/.m2/repository/javax/servlet/jsp/jsp-api/2.1/jsp-api-2.1.jar:/Users/linyilong/.m2/repository/commons-el/commons-el/1.0/commons-el-1.0.jar:/Users/linyilong/.m2/repository/commons-logging/commons-logging/1.1.3/commons-logging-1.1.3.jar:/Users/linyilong/.m2/repository/net/java/dev/jets3t/jets3t/0.9.0/jets3t-0.9.0.jar:/Users/linyilong/.m2/repository/org/apache/httpcomponents/httpclient/4.5.3/httpclient-4.5.3.jar:/Users/linyilong/.m2/repository/org/apache/httpcomponents/httpcore/4.4.6/httpcore-4.4.6.jar:/Users/linyilong/.m2/repository/com/jamesmurty/utils/java-xmlbuilder/0.4/java-xmlbuilder-0.4.jar:/Users/linyilong/.m2/repository/commons-lang/commons-lang/2.6/commons-lang-2.6.jar:/Users/linyilong/.m2/repository/commons-configuration/commons-configuration/1.7/commons-configuration-1.7.jar:/Users/linyilong/.m2/repository/commons-digester/commons-digester/1.8.1/commons-digester-1.8.1.jar:/Users/linyilong/.m2/repository/commons-beanutils/commons-beanutils/1.8.3/commons-beanutils-1.8.3.jar:/Users/linyilong/.m2/repository/org/codehaus/jackson/jackson-core-asl/1.8.8/jackson-core-asl-1.8.8.jar:/Users/linyilong/.m2/repository/org/codehaus/jackson/jackson-mapper-asl/1.8.8/jackson-mapper-asl-1.8.8.jar:/Users/linyilong/.m2/repository/org/apache/avro/avro/1.10.0/avro-1.10.0.jar:/Users/linyilong/.m2/repository/com/fasterxml/jackson/core/jackson-core/2.10.1/jackson-core-2.10.1.jar:/Users/linyilong/.m2/repository/com/fasterxml/jackson/core/jackson-databind/2.10.1/jackson-databind-2.10.1.jar:/Users/linyilong/.m2/repository/com/fasterxml/jackson/core/jackson-annotations/2.10.1/jackson-annotations-2.10.1.jar:/Users/linyilong/.m2/repository/com/google/protobuf/protobuf-java/2.5.0/protobuf-java-2.5.0.jar:/Users/linyilong/.m2/repository/org/apache/hadoop/hadoop-auth/2.4.1/hadoop-auth-2.4.1.jar:/Users/linyilong/.m2/repository/com/jcraft/jsch/0.1.42/jsch-0.1.42.jar:/Users/linyilong/.m2/repository/org/apache/zookeeper/zookeeper/3.4.14/zookeeper-3.4.14.jar:/Users/linyilong/.m2/repository/com/github/spotbugs/spotbugs-annotations/3.1.9/spotbugs-annotations-3.1.9.jar:/Users/linyilong/.m2/repository/org/apache/yetus/audience-annotations/0.5.0/audience-annotations-0.5.0.jar:/Users/linyilong/.m2/repository/org/apache/hadoop/hadoop-hdfs/2.4.1/hadoop-hdfs-2.4.1.jar:/Users/linyilong/.m2/repository/commons-daemon/commons-daemon/1.0.13/commons-daemon-1.0.13.jar:/Users/linyilong/.m2/repository/org/apache/hadoop/hadoop-mapreduce-client-core/2.4.1/hadoop-mapreduce-client-core-2.4.1.jar:/Users/linyilong/.m2/repository/org/apache/hadoop/hadoop-yarn-common/2.4.1/hadoop-yarn-common-2.4.1.jar:/Users/linyilong/.m2/repository/org/apache/hadoop/hadoop-yarn-api/2.4.1/hadoop-yarn-api-2.4.1.jar:/Users/linyilong/.m2/repository/javax/xml/bind/jaxb-api/2.3.1/jaxb-api-2.3.1.jar:/Users/linyilong/.m2/repository/javax/activation/javax.activation-api/1.2.0/javax.activation-api-1.2.0.jar:/Users/linyilong/.m2/repository/com/google/inject/guice/3.0/guice-3.0.jar:/Users/linyilong/.m2/repository/javax/inject/javax.inject/1/javax.inject-1.jar:/Users/linyilong/.m2/repository/aopalliance/aopalliance/1.0/aopalliance-1.0.jar:/Users/linyilong/.m2/repository/com/sun/jersey/contribs/jersey-guice/1.9/jersey-guice-1.9.jar:/Users/linyilong/.m2/repository/com/google/inject/extensions/guice-servlet/3.0/guice-servlet-3.0.jar:/Users/linyilong/.m2/repository/commons-io/commons-io/2.7/commons-io-2.7.jar:/Users/linyilong/.m2/repository/org/apache/flink/flink-shaded-netty/4.1.49.Final-12.0/flink-shaded-netty-4.1.49.Final-12.0.jar:/Users/linyilong/.m2/repository/org/apache/flink/flink-shaded-guava/18.0-12.0/flink-shaded-guava-18.0-12.0.jar:/Users/linyilong/.m2/repository/org/apache/flink/flink-shaded-jackson/2.10.1-12.0/flink-shaded-jackson-2.10.1-12.0.jar:/Users/linyilong/.m2/repository/org/apache/flink/flink-shaded-zookeeper-3/3.4.14-12.0/flink-shaded-zookeeper-3-3.4.14-12.0.jar:/Users/linyilong/.m2/repository/org/apache/commons/commons-lang3/3.3.2/commons-lang3-3.3.2.jar:/Users/linyilong/.m2/repository/commons-cli/commons-cli/1.3.1/commons-cli-1.3.1.jar:/Users/linyilong/.m2/repository/org/javassist/javassist/3.24.0-GA/javassist-3.24.0-GA.jar:/Users/linyilong/.m2/repository/org/scala-lang/scala-library/2.11.12/scala-library-2.11.12.jar:/Users/linyilong/.m2/repository/com/typesafe/akka/akka-actor_2.11/2.5.21/akka-actor_2.11-2.5.21.jar:/Users/linyilong/.m2/repository/com/typesafe/config/1.3.0/config-1.3.0.jar:/Users/linyilong/.m2/repository/org/scala-lang/modules/scala-java8-compat_2.11/0.7.0/scala-java8-compat_2.11-0.7.0.jar:/Users/linyilong/.m2/repository/com/typesafe/akka/akka-remote_2.11/2.5.21/akka-remote_2.11-2.5.21.jar:/Users/linyilong/.m2/repository/io/netty/netty/3.10.6.Final/netty-3.10.6.Final.jar:/Users/linyilong/.m2/repository/com/typesafe/akka/akka-stream_2.11/2.5.21/akka-stream_2.11-2.5.21.jar:/Users/linyilong/.m2/repository/org/reactivestreams/reactive-streams/1.0.2/reactive-streams-1.0.2.jar:/Users/linyilong/.m2/repository/com/typesafe/ssl-config-core_2.11/0.3.7/ssl-config-core_2.11-0.3.7.jar:/Users/linyilong/.m2/repository/com/typesafe/akka/akka-protobuf_2.11/2.5.21/akka-protobuf_2.11-2.5.21.jar:/Users/linyilong/.m2/repository/com/typesafe/akka/akka-slf4j_2.11/2.5.21/akka-slf4j_2.11-2.5.21.jar:/Users/linyilong/.m2/repository/org/clapper/grizzled-slf4j_2.11/1.3.2/grizzled-slf4j_2.11-1.3.2.jar:/Users/linyilong/.m2/repository/com/github/scopt/scopt_2.11/3.5.0/scopt_2.11-3.5.0.jar:/Users/linyilong/.m2/repository/org/xerial/snappy/snappy-java/1.1.4/snappy-java-1.1.4.jar:/Users/linyilong/.m2/repository/com/twitter/chill_2.11/0.7.6/chill_2.11-0.7.6.jar:/Users/linyilong/.m2/repository/com/twitter/chill-java/0.7.6/chill-java-0.7.6.jar:/Users/linyilong/.m2/repository/org/lz4/lz4-java/1.6.0/lz4-java-1.6.0.jar:/Users/linyilong/IdeaProjects/architect/flink-comments/flink-test-utils-parent/flink-test-utils-junit/target/flink-test-utils-junit-1.12.0.jar:/Users/linyilong/IdeaProjects/architect/flink-comments/flink-metrics/flink-metrics-core/target/flink-metrics-core-1.12.0-tests.jar:/Users/linyilong/IdeaProjects/architect/flink-comments/flink-core/target/flink-core-1.12.0-tests.jar:/Users/linyilong/.m2/repository/org/apache/flink/flink-shaded-netty-tcnative-dynamic/2.0.30.Final-12.0/flink-shaded-netty-tcnative-dynamic-2.0.30.Final-12.0.jar:/Users/linyilong/.m2/repository/org/apache/curator/curator-test/2.12.0/curator-test-2.12.0.jar:/Users/linyilong/.m2/repository/org/scalatest/scalatest_2.11/3.0.0/scalatest_2.11-3.0.0.jar:/Users/linyilong/.m2/repository/org/scalactic/scalactic_2.11/3.0.0/scalactic_2.11-3.0.0.jar:/Users/linyilong/.m2/repository/org/scala-lang/scala-reflect/2.11.12/scala-reflect-2.11.12.jar:/Users/linyilong/.m2/repository/org/scala-lang/modules/scala-xml_2.11/1.0.5/scala-xml_2.11-1.0.5.jar:/Users/linyilong/.m2/repository/org/scala-lang/modules/scala-parser-combinators_2.11/1.1.1/scala-parser-combinators_2.11-1.1.1.jar:/Users/linyilong/.m2/repository/com/squareup/okhttp3/okhttp/3.7.0/okhttp-3.7.0.jar:/Users/linyilong/.m2/repository/com/squareup/okio/okio/1.12.0/okio-1.12.0.jar:/Users/linyilong/.m2/repository/com/github/oshi/oshi-core/3.4.0/oshi-core-3.4.0.jar:/Users/linyilong/.m2/repository/net/java/dev/jna/jna-platform/4.2.2/jna-platform-4.2.2.jar:/Users/linyilong/.m2/repository/net/java/dev/jna/jna/4.2.2/jna-4.2.2.jar:/Users/linyilong/IdeaProjects/architect/flink-comments/tools/force-shading/target/force-shading-1.12.0.jar:/Users/linyilong/.m2/repository/org/slf4j/slf4j-api/1.7.15/slf4j-api-1.7.15.jar:/Users/linyilong/.m2/repository/com/google/code/findbugs/jsr305/1.3.9/jsr305-1.3.9.jar:/Users/linyilong/.m2/repository/junit/junit/4.12/junit-4.12.jar:/Users/linyilong/.m2/repository/org/hamcrest/hamcrest-core/1.3/hamcrest-core-1.3.jar:/Users/linyilong/.m2/repository/org/mockito/mockito-core/2.21.0/mockito-core-2.21.0.jar:/Users/linyilong/.m2/repository/net/bytebuddy/byte-buddy/1.8.15/byte-buddy-1.8.15.jar:/Users/linyilong/.m2/repository/net/bytebuddy/byte-buddy-agent/1.8.15/byte-buddy-agent-1.8.15.jar:/Users/linyilong/.m2/repository/org/objenesis/objenesis/2.1/objenesis-2.1.jar:/Users/linyilong/.m2/repository/org/powermock/powermock-module-junit4/2.0.4/powermock-module-junit4-2.0.4.jar:/Users/linyilong/.m2/repository/org/powermock/powermock-module-junit4-common/2.0.4/powermock-module-junit4-common-2.0.4.jar:/Users/linyilong/.m2/repository/org/powermock/powermock-reflect/2.0.4/powermock-reflect-2.0.4.jar:/Users/linyilong/.m2/repository/org/powermock/powermock-core/2.0.4/powermock-core-2.0.4.jar:/Users/linyilong/.m2/repository/org/powermock/powermock-api-mockito2/2.0.4/powermock-api-mockito2-2.0.4.jar:/Users/linyilong/.m2/repository/org/powermock/powermock-api-support/2.0.4/powermock-api-support-2.0.4.jar:/Users/linyilong/.m2/repository/org/hamcrest/hamcrest-all/1.3/hamcrest-all-1.3.jar:/Users/linyilong/.m2/repository/org/apache/logging/log4j/log4j-slf4j-impl/2.12.1/log4j-slf4j-impl-2.12.1.jar:/Users/linyilong/.m2/repository/org/apache/logging/log4j/log4j-api/2.12.1/log4j-api-2.12.1.jar:/Users/linyilong/.m2/repository/org/apache/logging/log4j/log4j-core/2.12.1/log4j-core-2.12.1.jar:/Users/linyilong/.m2/repository/org/apache/logging/log4j/log4j-1.2-api/2.12.1/log4j-1.2-api-2.12.1.jar:"/>
    <property name="git.build.host" value="localhost"/>
    <property name="java.vm.vendor" value="Oracle Corporation"/>
    <property name="sun.arch.data.model" value="64"/>
    <property name="hadoop.version" value="2.4.1"/>
    <property name="git.commit.id" value="8ae020749cf61fe336cc801f0c2d683ec8dffb02"/>
    <property name="java.vendor.url" value="http://java.oracle.com/"/>
    <property name="user.timezone" value=""/>
    <property name="os.name" value="Mac OS X"/>
    <property name="java.vm.specification.version" value="1.8"/>
    <property name="sun.java.launcher" value="SUN_STANDARD"/>
    <property name="user.country" value="CN"/>
    <property name="sun.boot.library.path" value="/Library/Java/JavaVirtualMachines/jdk1.8.0_251.jdk/Contents/Home/jre/lib"/>
    <property name="project.basedir" value="/Users/linyilong/IdeaProjects/architect/flink-comments/flink-runtime"/>
    <property name="sun.java.command" value="/Users/linyilong/IdeaProjects/architect/flink-comments/flink-runtime/target/surefire/surefirebooter482544241137070466.jar /Users/linyilong/IdeaProjects/architect/flink-comments/flink-runtime/target/surefire 2021-08-22T09-57-04_356-jvmRun8 surefire7772166366519464021tmp surefire_2886466348037313189662tmp"/>
    <property name="http.nonProxyHosts" value="local|*.local|169.254/16|*.169.254/16"/>
    <property name="surefire.test.class.path" value="/Users/linyilong/IdeaProjects/architect/flink-comments/flink-runtime/target/test-classes:/Users/linyilong/IdeaProjects/architect/flink-comments/flink-runtime/target/classes:/Users/linyilong/IdeaProjects/architect/flink-comments/flink-core/target/flink-core-1.12.0.jar:/Users/linyilong/IdeaProjects/architect/flink-comments/flink-annotations/target/flink-annotations-1.12.0.jar:/Users/linyilong/IdeaProjects/architect/flink-comments/flink-metrics/flink-metrics-core/target/flink-metrics-core-1.12.0.jar:/Users/linyilong/.m2/repository/org/apache/flink/flink-shaded-asm-7/7.1-12.0/flink-shaded-asm-7-7.1-12.0.jar:/Users/linyilong/.m2/repository/com/esotericsoftware/kryo/kryo/2.24.0/kryo-2.24.0.jar:/Users/linyilong/.m2/repository/com/esotericsoftware/minlog/minlog/1.2/minlog-1.2.jar:/Users/linyilong/.m2/repository/commons-collections/commons-collections/3.2.2/commons-collections-3.2.2.jar:/Users/linyilong/.m2/repository/org/apache/commons/commons-compress/1.20/commons-compress-1.20.jar:/Users/linyilong/IdeaProjects/architect/flink-comments/flink-java/target/flink-java-1.12.0.jar:/Users/linyilong/.m2/repository/org/apache/commons/commons-math3/3.5/commons-math3-3.5.jar:/Users/linyilong/IdeaProjects/architect/flink-comments/flink-queryable-state/flink-queryable-state-client-java/target/flink-queryable-state-client-java-1.12.0.jar:/Users/linyilong/IdeaProjects/architect/flink-comments/flink-filesystems/flink-hadoop-fs/target/flink-hadoop-fs-1.12.0.jar:/Users/linyilong/.m2/repository/org/apache/hadoop/hadoop-common/2.4.1/hadoop-common-2.4.1.jar:/Users/linyilong/.m2/repository/org/apache/hadoop/hadoop-annotations/2.4.1/hadoop-annotations-2.4.1.jar:/Users/linyilong/.m2/repository/com/google/guava/guava/11.0.2/guava-11.0.2.jar:/Users/linyilong/.m2/repository/xmlenc/xmlenc/0.52/xmlenc-0.52.jar:/Users/linyilong/.m2/repository/commons-httpclient/commons-httpclient/3.1/commons-httpclient-3.1.jar:/Users/linyilong/.m2/repository/commons-codec/commons-codec/1.13/commons-codec-1.13.jar:/Users/linyilong/.m2/repository/commons-net/commons-net/3.1/commons-net-3.1.jar:/Users/linyilong/.m2/repository/javax/servlet/servlet-api/2.5/servlet-api-2.5.jar:/Users/linyilong/.m2/repository/org/mortbay/jetty/jetty/6.1.26/jetty-6.1.26.jar:/Users/linyilong/.m2/repository/org/mortbay/jetty/jetty-util/6.1.26/jetty-util-6.1.26.jar:/Users/linyilong/.m2/repository/com/sun/jersey/jersey-core/1.9/jersey-core-1.9.jar:/Users/linyilong/.m2/repository/com/sun/jersey/jersey-json/1.9/jersey-json-1.9.jar:/Users/linyilong/.m2/repository/org/codehaus/jettison/jettison/1.1/jettison-1.1.jar:/Users/linyilong/.m2/repository/com/sun/xml/bind/jaxb-impl/2.2.3-1/jaxb-impl-2.2.3-1.jar:/Users/linyilong/.m2/repository/org/codehaus/jackson/jackson-jaxrs/1.8.3/jackson-jaxrs-1.8.3.jar:/Users/linyilong/.m2/repository/org/codehaus/jackson/jackson-xc/1.8.3/jackson-xc-1.8.3.jar:/Users/linyilong/.m2/repository/com/sun/jersey/jersey-server/1.9/jersey-server-1.9.jar:/Users/linyilong/.m2/repository/asm/asm/3.1/asm-3.1.jar:/Users/linyilong/.m2/repository/tomcat/jasper-compiler/5.5.23/jasper-compiler-5.5.23.jar:/Users/linyilong/.m2/repository/tomcat/jasper-runtime/5.5.23/jasper-runtime-5.5.23.jar:/Users/linyilong/.m2/repository/javax/servlet/jsp/jsp-api/2.1/jsp-api-2.1.jar:/Users/linyilong/.m2/repository/commons-el/commons-el/1.0/commons-el-1.0.jar:/Users/linyilong/.m2/repository/commons-logging/commons-logging/1.1.3/commons-logging-1.1.3.jar:/Users/linyilong/.m2/repository/net/java/dev/jets3t/jets3t/0.9.0/jets3t-0.9.0.jar:/Users/linyilong/.m2/repository/org/apache/httpcomponents/httpclient/4.5.3/httpclient-4.5.3.jar:/Users/linyilong/.m2/repository/org/apache/httpcomponents/httpcore/4.4.6/httpcore-4.4.6.jar:/Users/linyilong/.m2/repository/com/jamesmurty/utils/java-xmlbuilder/0.4/java-xmlbuilder-0.4.jar:/Users/linyilong/.m2/repository/commons-lang/commons-lang/2.6/commons-lang-2.6.jar:/Users/linyilong/.m2/repository/commons-configuration/commons-configuration/1.7/commons-configuration-1.7.jar:/Users/linyilong/.m2/repository/commons-digester/commons-digester/1.8.1/commons-digester-1.8.1.jar:/Users/linyilong/.m2/repository/commons-beanutils/commons-beanutils/1.8.3/commons-beanutils-1.8.3.jar:/Users/linyilong/.m2/repository/org/codehaus/jackson/jackson-core-asl/1.8.8/jackson-core-asl-1.8.8.jar:/Users/linyilong/.m2/repository/org/codehaus/jackson/jackson-mapper-asl/1.8.8/jackson-mapper-asl-1.8.8.jar:/Users/linyilong/.m2/repository/org/apache/avro/avro/1.10.0/avro-1.10.0.jar:/Users/linyilong/.m2/repository/com/fasterxml/jackson/core/jackson-core/2.10.1/jackson-core-2.10.1.jar:/Users/linyilong/.m2/repository/com/fasterxml/jackson/core/jackson-databind/2.10.1/jackson-databind-2.10.1.jar:/Users/linyilong/.m2/repository/com/fasterxml/jackson/core/jackson-annotations/2.10.1/jackson-annotations-2.10.1.jar:/Users/linyilong/.m2/repository/com/google/protobuf/protobuf-java/2.5.0/protobuf-java-2.5.0.jar:/Users/linyilong/.m2/repository/org/apache/hadoop/hadoop-auth/2.4.1/hadoop-auth-2.4.1.jar:/Users/linyilong/.m2/repository/com/jcraft/jsch/0.1.42/jsch-0.1.42.jar:/Users/linyilong/.m2/repository/org/apache/zookeeper/zookeeper/3.4.14/zookeeper-3.4.14.jar:/Users/linyilong/.m2/repository/com/github/spotbugs/spotbugs-annotations/3.1.9/spotbugs-annotations-3.1.9.jar:/Users/linyilong/.m2/repository/org/apache/yetus/audience-annotations/0.5.0/audience-annotations-0.5.0.jar:/Users/linyilong/.m2/repository/org/apache/hadoop/hadoop-hdfs/2.4.1/hadoop-hdfs-2.4.1.jar:/Users/linyilong/.m2/repository/commons-daemon/commons-daemon/1.0.13/commons-daemon-1.0.13.jar:/Users/linyilong/.m2/repository/org/apache/hadoop/hadoop-mapreduce-client-core/2.4.1/hadoop-mapreduce-client-core-2.4.1.jar:/Users/linyilong/.m2/repository/org/apache/hadoop/hadoop-yarn-common/2.4.1/hadoop-yarn-common-2.4.1.jar:/Users/linyilong/.m2/repository/org/apache/hadoop/hadoop-yarn-api/2.4.1/hadoop-yarn-api-2.4.1.jar:/Users/linyilong/.m2/repository/javax/xml/bind/jaxb-api/2.3.1/jaxb-api-2.3.1.jar:/Users/linyilong/.m2/repository/javax/activation/javax.activation-api/1.2.0/javax.activation-api-1.2.0.jar:/Users/linyilong/.m2/repository/com/google/inject/guice/3.0/guice-3.0.jar:/Users/linyilong/.m2/repository/javax/inject/javax.inject/1/javax.inject-1.jar:/Users/linyilong/.m2/repository/aopalliance/aopalliance/1.0/aopalliance-1.0.jar:/Users/linyilong/.m2/repository/com/sun/jersey/contribs/jersey-guice/1.9/jersey-guice-1.9.jar:/Users/linyilong/.m2/repository/com/google/inject/extensions/guice-servlet/3.0/guice-servlet-3.0.jar:/Users/linyilong/.m2/repository/commons-io/commons-io/2.7/commons-io-2.7.jar:/Users/linyilong/.m2/repository/org/apache/flink/flink-shaded-netty/4.1.49.Final-12.0/flink-shaded-netty-4.1.49.Final-12.0.jar:/Users/linyilong/.m2/repository/org/apache/flink/flink-shaded-guava/18.0-12.0/flink-shaded-guava-18.0-12.0.jar:/Users/linyilong/.m2/repository/org/apache/flink/flink-shaded-jackson/2.10.1-12.0/flink-shaded-jackson-2.10.1-12.0.jar:/Users/linyilong/.m2/repository/org/apache/flink/flink-shaded-zookeeper-3/3.4.14-12.0/flink-shaded-zookeeper-3-3.4.14-12.0.jar:/Users/linyilong/.m2/repository/org/apache/commons/commons-lang3/3.3.2/commons-lang3-3.3.2.jar:/Users/linyilong/.m2/repository/commons-cli/commons-cli/1.3.1/commons-cli-1.3.1.jar:/Users/linyilong/.m2/repository/org/javassist/javassist/3.24.0-GA/javassist-3.24.0-GA.jar:/Users/linyilong/.m2/repository/org/scala-lang/scala-library/2.11.12/scala-library-2.11.12.jar:/Users/linyilong/.m2/repository/com/typesafe/akka/akka-actor_2.11/2.5.21/akka-actor_2.11-2.5.21.jar:/Users/linyilong/.m2/repository/com/typesafe/config/1.3.0/config-1.3.0.jar:/Users/linyilong/.m2/repository/org/scala-lang/modules/scala-java8-compat_2.11/0.7.0/scala-java8-compat_2.11-0.7.0.jar:/Users/linyilong/.m2/repository/com/typesafe/akka/akka-remote_2.11/2.5.21/akka-remote_2.11-2.5.21.jar:/Users/linyilong/.m2/repository/io/netty/netty/3.10.6.Final/netty-3.10.6.Final.jar:/Users/linyilong/.m2/repository/com/typesafe/akka/akka-stream_2.11/2.5.21/akka-stream_2.11-2.5.21.jar:/Users/linyilong/.m2/repository/org/reactivestreams/reactive-streams/1.0.2/reactive-streams-1.0.2.jar:/Users/linyilong/.m2/repository/com/typesafe/ssl-config-core_2.11/0.3.7/ssl-config-core_2.11-0.3.7.jar:/Users/linyilong/.m2/repository/com/typesafe/akka/akka-protobuf_2.11/2.5.21/akka-protobuf_2.11-2.5.21.jar:/Users/linyilong/.m2/repository/com/typesafe/akka/akka-slf4j_2.11/2.5.21/akka-slf4j_2.11-2.5.21.jar:/Users/linyilong/.m2/repository/org/clapper/grizzled-slf4j_2.11/1.3.2/grizzled-slf4j_2.11-1.3.2.jar:/Users/linyilong/.m2/repository/com/github/scopt/scopt_2.11/3.5.0/scopt_2.11-3.5.0.jar:/Users/linyilong/.m2/repository/org/xerial/snappy/snappy-java/1.1.4/snappy-java-1.1.4.jar:/Users/linyilong/.m2/repository/com/twitter/chill_2.11/0.7.6/chill_2.11-0.7.6.jar:/Users/linyilong/.m2/repository/com/twitter/chill-java/0.7.6/chill-java-0.7.6.jar:/Users/linyilong/.m2/repository/org/lz4/lz4-java/1.6.0/lz4-java-1.6.0.jar:/Users/linyilong/IdeaProjects/architect/flink-comments/flink-test-utils-parent/flink-test-utils-junit/target/flink-test-utils-junit-1.12.0.jar:/Users/linyilong/IdeaProjects/architect/flink-comments/flink-metrics/flink-metrics-core/target/flink-metrics-core-1.12.0-tests.jar:/Users/linyilong/IdeaProjects/architect/flink-comments/flink-core/target/flink-core-1.12.0-tests.jar:/Users/linyilong/.m2/repository/org/apache/flink/flink-shaded-netty-tcnative-dynamic/2.0.30.Final-12.0/flink-shaded-netty-tcnative-dynamic-2.0.30.Final-12.0.jar:/Users/linyilong/.m2/repository/org/apache/curator/curator-test/2.12.0/curator-test-2.12.0.jar:/Users/linyilong/.m2/repository/org/scalatest/scalatest_2.11/3.0.0/scalatest_2.11-3.0.0.jar:/Users/linyilong/.m2/repository/org/scalactic/scalactic_2.11/3.0.0/scalactic_2.11-3.0.0.jar:/Users/linyilong/.m2/repository/org/scala-lang/scala-reflect/2.11.12/scala-reflect-2.11.12.jar:/Users/linyilong/.m2/repository/org/scala-lang/modules/scala-xml_2.11/1.0.5/scala-xml_2.11-1.0.5.jar:/Users/linyilong/.m2/repository/org/scala-lang/modules/scala-parser-combinators_2.11/1.1.1/scala-parser-combinators_2.11-1.1.1.jar:/Users/linyilong/.m2/repository/com/squareup/okhttp3/okhttp/3.7.0/okhttp-3.7.0.jar:/Users/linyilong/.m2/repository/com/squareup/okio/okio/1.12.0/okio-1.12.0.jar:/Users/linyilong/.m2/repository/com/github/oshi/oshi-core/3.4.0/oshi-core-3.4.0.jar:/Users/linyilong/.m2/repository/net/java/dev/jna/jna-platform/4.2.2/jna-platform-4.2.2.jar:/Users/linyilong/.m2/repository/net/java/dev/jna/jna/4.2.2/jna-4.2.2.jar:/Users/linyilong/IdeaProjects/architect/flink-comments/tools/force-shading/target/force-shading-1.12.0.jar:/Users/linyilong/.m2/repository/org/slf4j/slf4j-api/1.7.15/slf4j-api-1.7.15.jar:/Users/linyilong/.m2/repository/com/google/code/findbugs/jsr305/1.3.9/jsr305-1.3.9.jar:/Users/linyilong/.m2/repository/junit/junit/4.12/junit-4.12.jar:/Users/linyilong/.m2/repository/org/hamcrest/hamcrest-core/1.3/hamcrest-core-1.3.jar:/Users/linyilong/.m2/repository/org/mockito/mockito-core/2.21.0/mockito-core-2.21.0.jar:/Users/linyilong/.m2/repository/net/bytebuddy/byte-buddy/1.8.15/byte-buddy-1.8.15.jar:/Users/linyilong/.m2/repository/net/bytebuddy/byte-buddy-agent/1.8.15/byte-buddy-agent-1.8.15.jar:/Users/linyilong/.m2/repository/org/objenesis/objenesis/2.1/objenesis-2.1.jar:/Users/linyilong/.m2/repository/org/powermock/powermock-module-junit4/2.0.4/powermock-module-junit4-2.0.4.jar:/Users/linyilong/.m2/repository/org/powermock/powermock-module-junit4-common/2.0.4/powermock-module-junit4-common-2.0.4.jar:/Users/linyilong/.m2/repository/org/powermock/powermock-reflect/2.0.4/powermock-reflect-2.0.4.jar:/Users/linyilong/.m2/repository/org/powermock/powermock-core/2.0.4/powermock-core-2.0.4.jar:/Users/linyilong/.m2/repository/org/powermock/powermock-api-mockito2/2.0.4/powermock-api-mockito2-2.0.4.jar:/Users/linyilong/.m2/repository/org/powermock/powermock-api-support/2.0.4/powermock-api-support-2.0.4.jar:/Users/linyilong/.m2/repository/org/hamcrest/hamcrest-all/1.3/hamcrest-all-1.3.jar:/Users/linyilong/.m2/repository/org/apache/logging/log4j/log4j-slf4j-impl/2.12.1/log4j-slf4j-impl-2.12.1.jar:/Users/linyilong/.m2/repository/org/apache/logging/log4j/log4j-api/2.12.1/log4j-api-2.12.1.jar:/Users/linyilong/.m2/repository/org/apache/logging/log4j/log4j-core/2.12.1/log4j-core-2.12.1.jar:/Users/linyilong/.m2/repository/org/apache/logging/log4j/log4j-1.2-api/2.12.1/log4j-1.2-api-2.12.1.jar:"/>
    <property name="sun.cpu.endian" value="little"/>
    <property name="user.home" value="/Users/linyilong"/>
    <property name="user.language" value="zh"/>
    <property name="git.closest.tag.commit.count" value=""/>
    <property name="java.specification.vendor" value="Oracle Corporation"/>
    <property name="java.home" value="/Library/Java/JavaVirtualMachines/jdk1.8.0_251.jdk/Contents/Home/jre"/>
    <property name="git.total.commit.count" value="1"/>
    <property name="file.separator" value="/"/>
    <property name="basedir" value="/Users/linyilong/IdeaProjects/architect/flink-comments/flink-runtime"/>
    <property name="line.separator" value="&#10;"/>
    <property name="java.vm.specification.vendor" value="Oracle Corporation"/>
    <property name="java.specification.name" value="Java Platform API Specification"/>
    <property name="java.awt.graphicsenv" value="sun.awt.CGraphicsEnvironment"/>
    <property name="git.closest.tag.name" value=""/>
    <property name="idea.version2020.1.1" value="true"/>
    <property name="mvn.forkNumber" value="8"/>
    <property name="git.local.branch.ahead" value="0"/>
    <property name="git.build.time" value="2021-08-22T10:00:32+0800"/>
    <property name="surefire.real.class.path" value="/Users/linyilong/IdeaProjects/architect/flink-comments/flink-runtime/target/surefire/surefirebooter482544241137070466.jar"/>
    <property name="git.commit.message.full" value="&apos;init&apos;"/>
    <property name="sun.boot.class.path" value="/Library/Java/JavaVirtualMachines/jdk1.8.0_251.jdk/Contents/Home/jre/lib/resources.jar:/Library/Java/JavaVirtualMachines/jdk1.8.0_251.jdk/Contents/Home/jre/lib/rt.jar:/Library/Java/JavaVirtualMachines/jdk1.8.0_251.jdk/Contents/Home/jre/lib/sunrsasign.jar:/Library/Java/JavaVirtualMachines/jdk1.8.0_251.jdk/Contents/Home/jre/lib/jsse.jar:/Library/Java/JavaVirtualMachines/jdk1.8.0_251.jdk/Contents/Home/jre/lib/jce.jar:/Library/Java/JavaVirtualMachines/jdk1.8.0_251.jdk/Contents/Home/jre/lib/charsets.jar:/Library/Java/JavaVirtualMachines/jdk1.8.0_251.jdk/Contents/Home/jre/lib/jfr.jar:/Library/Java/JavaVirtualMachines/jdk1.8.0_251.jdk/Contents/Home/jre/classes"/>
    <property name="sun.management.compiler" value="HotSpot 64-Bit Tiered Compilers"/>
    <property name="ftp.nonProxyHosts" value="local|*.local|169.254/16|*.169.254/16"/>
    <property name="java.runtime.version" value="1.8.0_251-b08"/>
    <property name="user.name" value="linyilong"/>
    <property name="path.separator" value=":"/>
    <property name="os.version" value="10.15.7"/>
    <property name="java.endorsed.dirs" value="/Library/Java/JavaVirtualMachines/jdk1.8.0_251.jdk/Contents/Home/jre/lib/endorsed"/>
    <property name="java.runtime.name" value="Java(TM) SE Runtime Environment"/>
    <property name="file.encoding" value="UTF-8"/>
    <property name="java.vm.name" value="Java HotSpot(TM) 64-Bit Server VM"/>
    <property name="git.local.branch.behind" value="0"/>
    <property name="git.dirty" value="true"/>
    <property name="localRepository" value="/Users/linyilong/.m2/repository"/>
    <property name="java.vendor.url.bug" value="http://bugreport.sun.com/bugreport/"/>
    <property name="java.io.tmpdir" value="/var/folders/13/zrj4_mhs20s73h2kpdjtw4sr0000gn/T/"/>
    <property name="execution.checkpointing.unaligned" value="true"/>
    <property name="java.version" value="1.8.0_251"/>
    <property name="user.dir" value="/Users/linyilong/IdeaProjects/architect/flink-comments/flink-runtime"/>
    <property name="os.arch" value="x86_64"/>
    <property name="git.commit.id.abbrev" value="8ae0207"/>
    <property name="java.vm.specification.name" value="Java Virtual Machine Specification"/>
    <property name="java.awt.printerjob" value="sun.lwawt.macosx.CPrinterJob"/>
    <property name="sun.os.patch.level" value="unknown"/>
    <property name="git.commit.message.short" value="&apos;init&apos;"/>
    <property name="java.library.path" value="/Users/linyilong/Library/Java/Extensions:/Library/Java/Extensions:/Network/Library/Java/Extensions:/System/Library/Java/Extensions:/usr/lib/java:."/>
    <property name="java.vendor" value="Oracle Corporation"/>
    <property name="java.vm.info" value="mixed mode"/>
    <property name="java.vm.version" value="25.251-b08"/>
    <property name="sun.io.unicode.encoding" value="UnicodeBig"/>
    <property name="java.ext.dirs" value="/Users/linyilong/Library/Java/Extensions:/Library/Java/JavaVirtualMachines/jdk1.8.0_251.jdk/Contents/Home/jre/lib/ext:/Library/Java/Extensions:/Network/Library/Java/Extensions:/System/Library/Java/Extensions:/usr/lib/java"/>
    <property name="java.class.version" value="52.0"/>
    <property name="socksNonProxyHosts" value="local|*.local|169.254/16|*.169.254/16"/>
    <property name="git.commit.time" value="2021-08-19T09:19:58+0800"/>
  </properties>
  <testcase name="testLocalityBasedOnState" classname="org.apache.flink.runtime.executiongraph.ExecutionVertexLocalityTest" time="3.892"/>
  <testcase name="testNoLocalityInputLargeAllToAll" classname="org.apache.flink.runtime.executiongraph.ExecutionVertexLocalityTest" time="0.089"/>
  <testcase name="testLocalityInputBasedForward" classname="org.apache.flink.runtime.executiongraph.ExecutionVertexLocalityTest" time="0.016"/>
</testsuite>