<?xml version="1.0" encoding="UTF-8"?>
<testsuite xmlns:xsi="http://www.w3.org/2001/XMLSchema-instance" xsi:noNamespaceSchemaLocation="https://maven.apache.org/surefire/maven-surefire-plugin/xsd/surefire-test-report.xsd" name="org.apache.flink.fs.osshadoop.HadoopOSSFileSystemBehaviorITCase" time="0.496" tests="1" errors="0" skipped="1" failures="0">
  <properties>
    <property name="gopherProxySet" value="false"/>
    <property name="awt.toolkit" value="sun.lwawt.macosx.LWCToolkit"/>
    <property name="git.tags" value=""/>
    <property name="file.encoding.pkg" value="sun.io"/>
    <property name="java.specification.version" value="1.8"/>
    <property name="sun.cpu.isalist" value=""/>
    <property name="forkNumber" value="01"/>
    <property name="git.build.version" value="1.12.0"/>
    <property name="sun.jnu.encoding" value="UTF-8"/>
    <property name="java.class.path" value="/Users/linyilong/IdeaProjects/architect/flink-comments/flink-filesystems/flink-oss-fs-hadoop/target/test-classes:/Users/linyilong/IdeaProjects/architect/flink-comments/flink-filesystems/flink-oss-fs-hadoop/target/classes:/Users/linyilong/IdeaProjects/architect/flink-comments/flink-core/target/flink-core-1.12.0.jar:/Users/linyilong/IdeaProjects/architect/flink-comments/flink-annotations/target/flink-annotations-1.12.0.jar:/Users/linyilong/IdeaProjects/architect/flink-comments/flink-metrics/flink-metrics-core/target/flink-metrics-core-1.12.0.jar:/Users/linyilong/.m2/repository/org/apache/flink/flink-shaded-asm-7/7.1-12.0/flink-shaded-asm-7-7.1-12.0.jar:/Users/linyilong/.m2/repository/org/apache/commons/commons-lang3/3.3.2/commons-lang3-3.3.2.jar:/Users/linyilong/.m2/repository/com/esotericsoftware/kryo/kryo/2.24.0/kryo-2.24.0.jar:/Users/linyilong/.m2/repository/com/esotericsoftware/minlog/minlog/1.2/minlog-1.2.jar:/Users/linyilong/.m2/repository/commons-collections/commons-collections/3.2.2/commons-collections-3.2.2.jar:/Users/linyilong/.m2/repository/org/apache/commons/commons-compress/1.20/commons-compress-1.20.jar:/Users/linyilong/.m2/repository/org/apache/flink/flink-shaded-guava/18.0-12.0/flink-shaded-guava-18.0-12.0.jar:/Users/linyilong/IdeaProjects/architect/flink-comments/flink-filesystems/flink-hadoop-fs/target/flink-hadoop-fs-1.12.0.jar:/Users/linyilong/IdeaProjects/architect/flink-comments/flink-filesystems/flink-fs-hadoop-shaded/target/flink-fs-hadoop-shaded-1.12.0.jar:/Users/linyilong/.m2/repository/org/apache/hadoop/hadoop-common/2.4.1/hadoop-common-2.4.1.jar:/Users/linyilong/.m2/repository/org/apache/hadoop/hadoop-annotations/2.4.1/hadoop-annotations-2.4.1.jar:/Users/linyilong/.m2/repository/com/google/guava/guava/11.0.2/guava-11.0.2.jar:/Users/linyilong/.m2/repository/xmlenc/xmlenc/0.52/xmlenc-0.52.jar:/Users/linyilong/.m2/repository/commons-httpclient/commons-httpclient/3.1/commons-httpclient-3.1.jar:/Users/linyilong/.m2/repository/commons-io/commons-io/2.7/commons-io-2.7.jar:/Users/linyilong/.m2/repository/javax/servlet/servlet-api/2.5/servlet-api-2.5.jar:/Users/linyilong/.m2/repository/org/mortbay/jetty/jetty/6.1.26/jetty-6.1.26.jar:/Users/linyilong/.m2/repository/org/mortbay/jetty/jetty-util/6.1.26/jetty-util-6.1.26.jar:/Users/linyilong/.m2/repository/tomcat/jasper-compiler/5.5.23/jasper-compiler-5.5.23.jar:/Users/linyilong/.m2/repository/tomcat/jasper-runtime/5.5.23/jasper-runtime-5.5.23.jar:/Users/linyilong/.m2/repository/commons-el/commons-el/1.0/commons-el-1.0.jar:/Users/linyilong/.m2/repository/commons-logging/commons-logging/1.1.3/commons-logging-1.1.3.jar:/Users/linyilong/.m2/repository/net/java/dev/jets3t/jets3t/0.9.0/jets3t-0.9.0.jar:/Users/linyilong/.m2/repository/com/jamesmurty/utils/java-xmlbuilder/0.4/java-xmlbuilder-0.4.jar:/Users/linyilong/.m2/repository/commons-lang/commons-lang/2.6/commons-lang-2.6.jar:/Users/linyilong/.m2/repository/commons-configuration/commons-configuration/1.7/commons-configuration-1.7.jar:/Users/linyilong/.m2/repository/commons-digester/commons-digester/1.8.1/commons-digester-1.8.1.jar:/Users/linyilong/.m2/repository/commons-beanutils/commons-beanutils/1.8.3/commons-beanutils-1.8.3.jar:/Users/linyilong/.m2/repository/org/codehaus/jackson/jackson-core-asl/1.8.8/jackson-core-asl-1.8.8.jar:/Users/linyilong/.m2/repository/org/codehaus/jackson/jackson-mapper-asl/1.8.8/jackson-mapper-asl-1.8.8.jar:/Users/linyilong/.m2/repository/org/apache/hadoop/hadoop-auth/2.4.1/hadoop-auth-2.4.1.jar:/Users/linyilong/.m2/repository/org/apache/hadoop/hadoop-aliyun/3.1.0/hadoop-aliyun-3.1.0.jar:/Users/linyilong/.m2/repository/com/aliyun/oss/aliyun-sdk-oss/3.4.1/aliyun-sdk-oss-3.4.1.jar:/Users/linyilong/.m2/repository/org/apache/httpcomponents/httpclient/4.5.3/httpclient-4.5.3.jar:/Users/linyilong/.m2/repository/org/apache/httpcomponents/httpcore/4.4.6/httpcore-4.4.6.jar:/Users/linyilong/.m2/repository/commons-codec/commons-codec/1.13/commons-codec-1.13.jar:/Users/linyilong/.m2/repository/org/jdom/jdom/1.1/jdom-1.1.jar:/Users/linyilong/.m2/repository/org/codehaus/jettison/jettison/1.1/jettison-1.1.jar:/Users/linyilong/.m2/repository/stax/stax-api/1.0.1/stax-api-1.0.1.jar:/Users/linyilong/.m2/repository/com/aliyun/aliyun-java-sdk-core/3.4.0/aliyun-java-sdk-core-3.4.0.jar:/Users/linyilong/.m2/repository/com/aliyun/aliyun-java-sdk-ram/3.0.0/aliyun-java-sdk-ram-3.0.0.jar:/Users/linyilong/.m2/repository/com/aliyun/aliyun-java-sdk-sts/3.0.0/aliyun-java-sdk-sts-3.0.0.jar:/Users/linyilong/.m2/repository/com/aliyun/aliyun-java-sdk-ecs/4.2.0/aliyun-java-sdk-ecs-4.2.0.jar:/Users/linyilong/IdeaProjects/architect/flink-comments/flink-filesystems/flink-fs-hadoop-shaded/target/flink-fs-hadoop-shaded-1.12.0-tests.jar:/Users/linyilong/IdeaProjects/architect/flink-comments/flink-core/target/flink-core-1.12.0-tests.jar:/Users/linyilong/IdeaProjects/architect/flink-comments/flink-filesystems/flink-hadoop-fs/target/flink-hadoop-fs-1.12.0-tests.jar:/Users/linyilong/.m2/repository/org/slf4j/slf4j-api/1.7.15/slf4j-api-1.7.15.jar:/Users/linyilong/.m2/repository/com/google/code/findbugs/jsr305/1.3.9/jsr305-1.3.9.jar:/Users/linyilong/IdeaProjects/architect/flink-comments/flink-test-utils-parent/flink-test-utils-junit/target/flink-test-utils-junit-1.12.0.jar:/Users/linyilong/IdeaProjects/architect/flink-comments/tools/force-shading/target/force-shading-1.12.0.jar:/Users/linyilong/.m2/repository/junit/junit/4.12/junit-4.12.jar:/Users/linyilong/.m2/repository/org/hamcrest/hamcrest-core/1.3/hamcrest-core-1.3.jar:/Users/linyilong/.m2/repository/org/mockito/mockito-core/2.21.0/mockito-core-2.21.0.jar:/Users/linyilong/.m2/repository/net/bytebuddy/byte-buddy/1.8.15/byte-buddy-1.8.15.jar:/Users/linyilong/.m2/repository/net/bytebuddy/byte-buddy-agent/1.8.15/byte-buddy-agent-1.8.15.jar:/Users/linyilong/.m2/repository/org/objenesis/objenesis/2.1/objenesis-2.1.jar:/Users/linyilong/.m2/repository/org/powermock/powermock-module-junit4/2.0.4/powermock-module-junit4-2.0.4.jar:/Users/linyilong/.m2/repository/org/powermock/powermock-module-junit4-common/2.0.4/powermock-module-junit4-common-2.0.4.jar:/Users/linyilong/.m2/repository/org/powermock/powermock-reflect/2.0.4/powermock-reflect-2.0.4.jar:/Users/linyilong/.m2/repository/org/powermock/powermock-core/2.0.4/powermock-core-2.0.4.jar:/Users/linyilong/.m2/repository/org/javassist/javassist/3.24.0-GA/javassist-3.24.0-GA.jar:/Users/linyilong/.m2/repository/org/powermock/powermock-api-mockito2/2.0.4/powermock-api-mockito2-2.0.4.jar:/Users/linyilong/.m2/repository/org/powermock/powermock-api-support/2.0.4/powermock-api-support-2.0.4.jar:/Users/linyilong/.m2/repository/org/hamcrest/hamcrest-all/1.3/hamcrest-all-1.3.jar:/Users/linyilong/.m2/repository/org/apache/logging/log4j/log4j-slf4j-impl/2.12.1/log4j-slf4j-impl-2.12.1.jar:/Users/linyilong/.m2/repository/org/apache/logging/log4j/log4j-api/2.12.1/log4j-api-2.12.1.jar:/Users/linyilong/.m2/repository/org/apache/logging/log4j/log4j-core/2.12.1/log4j-core-2.12.1.jar:/Users/linyilong/.m2/repository/org/apache/logging/log4j/log4j-1.2-api/2.12.1/log4j-1.2-api-2.12.1.jar:"/>
    <property name="git.build.host" value="localhost"/>
    <property name="java.vm.vendor" value="Oracle Corporation"/>
    <property name="sun.arch.data.model" value="64"/>
    <property name="hadoop.version" value="2.4.1"/>
    <property name="git.commit.id" value="8ae020749cf61fe336cc801f0c2d683ec8dffb02"/>
    <property name="java.vendor.url" value="http://java.oracle.com/"/>
    <property name="user.timezone" value=""/>
    <property name="os.name" value="Mac OS X"/>
    <property name="java.vm.specification.version" value="1.8"/>
    <property name="sun.java.launcher" value="SUN_STANDARD"/>
    <property name="user.country" value="CN"/>
    <property name="sun.boot.library.path" value="/Library/Java/JavaVirtualMachines/jdk1.8.0_251.jdk/Contents/Home/jre/lib"/>
    <property name="project.basedir" value="/Users/linyilong/IdeaProjects/architect/flink-comments/flink-filesystems/flink-oss-fs-hadoop"/>
    <property name="sun.java.command" value="/Users/linyilong/IdeaProjects/architect/flink-comments/flink-filesystems/flink-oss-fs-hadoop/target/surefire/surefirebooter2492453502318926168.jar /Users/linyilong/IdeaProjects/architect/flink-comments/flink-filesystems/flink-oss-fs-hadoop/target/surefire 2021-08-22T09-57-04_356-jvmRun1 surefire1282735578257189383tmp surefire_7972112642272190140942tmp"/>
    <property name="http.nonProxyHosts" value="local|*.local|169.254/16|*.169.254/16"/>
    <property name="surefire.test.class.path" value="/Users/linyilong/IdeaProjects/architect/flink-comments/flink-filesystems/flink-oss-fs-hadoop/target/test-classes:/Users/linyilong/IdeaProjects/architect/flink-comments/flink-filesystems/flink-oss-fs-hadoop/target/classes:/Users/linyilong/IdeaProjects/architect/flink-comments/flink-core/target/flink-core-1.12.0.jar:/Users/linyilong/IdeaProjects/architect/flink-comments/flink-annotations/target/flink-annotations-1.12.0.jar:/Users/linyilong/IdeaProjects/architect/flink-comments/flink-metrics/flink-metrics-core/target/flink-metrics-core-1.12.0.jar:/Users/linyilong/.m2/repository/org/apache/flink/flink-shaded-asm-7/7.1-12.0/flink-shaded-asm-7-7.1-12.0.jar:/Users/linyilong/.m2/repository/org/apache/commons/commons-lang3/3.3.2/commons-lang3-3.3.2.jar:/Users/linyilong/.m2/repository/com/esotericsoftware/kryo/kryo/2.24.0/kryo-2.24.0.jar:/Users/linyilong/.m2/repository/com/esotericsoftware/minlog/minlog/1.2/minlog-1.2.jar:/Users/linyilong/.m2/repository/commons-collections/commons-collections/3.2.2/commons-collections-3.2.2.jar:/Users/linyilong/.m2/repository/org/apache/commons/commons-compress/1.20/commons-compress-1.20.jar:/Users/linyilong/.m2/repository/org/apache/flink/flink-shaded-guava/18.0-12.0/flink-shaded-guava-18.0-12.0.jar:/Users/linyilong/IdeaProjects/architect/flink-comments/flink-filesystems/flink-hadoop-fs/target/flink-hadoop-fs-1.12.0.jar:/Users/linyilong/IdeaProjects/architect/flink-comments/flink-filesystems/flink-fs-hadoop-shaded/target/flink-fs-hadoop-shaded-1.12.0.jar:/Users/linyilong/.m2/repository/org/apache/hadoop/hadoop-common/2.4.1/hadoop-common-2.4.1.jar:/Users/linyilong/.m2/repository/org/apache/hadoop/hadoop-annotations/2.4.1/hadoop-annotations-2.4.1.jar:/Users/linyilong/.m2/repository/com/google/guava/guava/11.0.2/guava-11.0.2.jar:/Users/linyilong/.m2/repository/xmlenc/xmlenc/0.52/xmlenc-0.52.jar:/Users/linyilong/.m2/repository/commons-httpclient/commons-httpclient/3.1/commons-httpclient-3.1.jar:/Users/linyilong/.m2/repository/commons-io/commons-io/2.7/commons-io-2.7.jar:/Users/linyilong/.m2/repository/javax/servlet/servlet-api/2.5/servlet-api-2.5.jar:/Users/linyilong/.m2/repository/org/mortbay/jetty/jetty/6.1.26/jetty-6.1.26.jar:/Users/linyilong/.m2/repository/org/mortbay/jetty/jetty-util/6.1.26/jetty-util-6.1.26.jar:/Users/linyilong/.m2/repository/tomcat/jasper-compiler/5.5.23/jasper-compiler-5.5.23.jar:/Users/linyilong/.m2/repository/tomcat/jasper-runtime/5.5.23/jasper-runtime-5.5.23.jar:/Users/linyilong/.m2/repository/commons-el/commons-el/1.0/commons-el-1.0.jar:/Users/linyilong/.m2/repository/commons-logging/commons-logging/1.1.3/commons-logging-1.1.3.jar:/Users/linyilong/.m2/repository/net/java/dev/jets3t/jets3t/0.9.0/jets3t-0.9.0.jar:/Users/linyilong/.m2/repository/com/jamesmurty/utils/java-xmlbuilder/0.4/java-xmlbuilder-0.4.jar:/Users/linyilong/.m2/repository/commons-lang/commons-lang/2.6/commons-lang-2.6.jar:/Users/linyilong/.m2/repository/commons-configuration/commons-configuration/1.7/commons-configuration-1.7.jar:/Users/linyilong/.m2/repository/commons-digester/commons-digester/1.8.1/commons-digester-1.8.1.jar:/Users/linyilong/.m2/repository/commons-beanutils/commons-beanutils/1.8.3/commons-beanutils-1.8.3.jar:/Users/linyilong/.m2/repository/org/codehaus/jackson/jackson-core-asl/1.8.8/jackson-core-asl-1.8.8.jar:/Users/linyilong/.m2/repository/org/codehaus/jackson/jackson-mapper-asl/1.8.8/jackson-mapper-asl-1.8.8.jar:/Users/linyilong/.m2/repository/org/apache/hadoop/hadoop-auth/2.4.1/hadoop-auth-2.4.1.jar:/Users/linyilong/.m2/repository/org/apache/hadoop/hadoop-aliyun/3.1.0/hadoop-aliyun-3.1.0.jar:/Users/linyilong/.m2/repository/com/aliyun/oss/aliyun-sdk-oss/3.4.1/aliyun-sdk-oss-3.4.1.jar:/Users/linyilong/.m2/repository/org/apache/httpcomponents/httpclient/4.5.3/httpclient-4.5.3.jar:/Users/linyilong/.m2/repository/org/apache/httpcomponents/httpcore/4.4.6/httpcore-4.4.6.jar:/Users/linyilong/.m2/repository/commons-codec/commons-codec/1.13/commons-codec-1.13.jar:/Users/linyilong/.m2/repository/org/jdom/jdom/1.1/jdom-1.1.jar:/Users/linyilong/.m2/repository/org/codehaus/jettison/jettison/1.1/jettison-1.1.jar:/Users/linyilong/.m2/repository/stax/stax-api/1.0.1/stax-api-1.0.1.jar:/Users/linyilong/.m2/repository/com/aliyun/aliyun-java-sdk-core/3.4.0/aliyun-java-sdk-core-3.4.0.jar:/Users/linyilong/.m2/repository/com/aliyun/aliyun-java-sdk-ram/3.0.0/aliyun-java-sdk-ram-3.0.0.jar:/Users/linyilong/.m2/repository/com/aliyun/aliyun-java-sdk-sts/3.0.0/aliyun-java-sdk-sts-3.0.0.jar:/Users/linyilong/.m2/repository/com/aliyun/aliyun-java-sdk-ecs/4.2.0/aliyun-java-sdk-ecs-4.2.0.jar:/Users/linyilong/IdeaProjects/architect/flink-comments/flink-filesystems/flink-fs-hadoop-shaded/target/flink-fs-hadoop-shaded-1.12.0-tests.jar:/Users/linyilong/IdeaProjects/architect/flink-comments/flink-core/target/flink-core-1.12.0-tests.jar:/Users/linyilong/IdeaProjects/architect/flink-comments/flink-filesystems/flink-hadoop-fs/target/flink-hadoop-fs-1.12.0-tests.jar:/Users/linyilong/.m2/repository/org/slf4j/slf4j-api/1.7.15/slf4j-api-1.7.15.jar:/Users/linyilong/.m2/repository/com/google/code/findbugs/jsr305/1.3.9/jsr305-1.3.9.jar:/Users/linyilong/IdeaProjects/architect/flink-comments/flink-test-utils-parent/flink-test-utils-junit/target/flink-test-utils-junit-1.12.0.jar:/Users/linyilong/IdeaProjects/architect/flink-comments/tools/force-shading/target/force-shading-1.12.0.jar:/Users/linyilong/.m2/repository/junit/junit/4.12/junit-4.12.jar:/Users/linyilong/.m2/repository/org/hamcrest/hamcrest-core/1.3/hamcrest-core-1.3.jar:/Users/linyilong/.m2/repository/org/mockito/mockito-core/2.21.0/mockito-core-2.21.0.jar:/Users/linyilong/.m2/repository/net/bytebuddy/byte-buddy/1.8.15/byte-buddy-1.8.15.jar:/Users/linyilong/.m2/repository/net/bytebuddy/byte-buddy-agent/1.8.15/byte-buddy-agent-1.8.15.jar:/Users/linyilong/.m2/repository/org/objenesis/objenesis/2.1/objenesis-2.1.jar:/Users/linyilong/.m2/repository/org/powermock/powermock-module-junit4/2.0.4/powermock-module-junit4-2.0.4.jar:/Users/linyilong/.m2/repository/org/powermock/powermock-module-junit4-common/2.0.4/powermock-module-junit4-common-2.0.4.jar:/Users/linyilong/.m2/repository/org/powermock/powermock-reflect/2.0.4/powermock-reflect-2.0.4.jar:/Users/linyilong/.m2/repository/org/powermock/powermock-core/2.0.4/powermock-core-2.0.4.jar:/Users/linyilong/.m2/repository/org/javassist/javassist/3.24.0-GA/javassist-3.24.0-GA.jar:/Users/linyilong/.m2/repository/org/powermock/powermock-api-mockito2/2.0.4/powermock-api-mockito2-2.0.4.jar:/Users/linyilong/.m2/repository/org/powermock/powermock-api-support/2.0.4/powermock-api-support-2.0.4.jar:/Users/linyilong/.m2/repository/org/hamcrest/hamcrest-all/1.3/hamcrest-all-1.3.jar:/Users/linyilong/.m2/repository/org/apache/logging/log4j/log4j-slf4j-impl/2.12.1/log4j-slf4j-impl-2.12.1.jar:/Users/linyilong/.m2/repository/org/apache/logging/log4j/log4j-api/2.12.1/log4j-api-2.12.1.jar:/Users/linyilong/.m2/repository/org/apache/logging/log4j/log4j-core/2.12.1/log4j-core-2.12.1.jar:/Users/linyilong/.m2/repository/org/apache/logging/log4j/log4j-1.2-api/2.12.1/log4j-1.2-api-2.12.1.jar:"/>
    <property name="sun.cpu.endian" value="little"/>
    <property name="user.home" value="/Users/linyilong"/>
    <property name="user.language" value="zh"/>
    <property name="git.closest.tag.commit.count" value=""/>
    <property name="java.specification.vendor" value="Oracle Corporation"/>
    <property name="java.home" value="/Library/Java/JavaVirtualMachines/jdk1.8.0_251.jdk/Contents/Home/jre"/>
    <property name="git.total.commit.count" value="1"/>
    <property name="file.separator" value="/"/>
    <property name="basedir" value="/Users/linyilong/IdeaProjects/architect/flink-comments/flink-filesystems/flink-oss-fs-hadoop/target"/>
    <property name="line.separator" value="&#10;"/>
    <property name="java.vm.specification.vendor" value="Oracle Corporation"/>
    <property name="java.specification.name" value="Java Platform API Specification"/>
    <property name="java.awt.graphicsenv" value="sun.awt.CGraphicsEnvironment"/>
    <property name="git.closest.tag.name" value=""/>
    <property name="idea.version2020.1.1" value="true"/>
    <property name="mvn.forkNumber" value="1"/>
    <property name="git.local.branch.ahead" value="0"/>
    <property name="git.build.time" value="2021-08-22T10:00:32+0800"/>
    <property name="surefire.real.class.path" value="/Users/linyilong/IdeaProjects/architect/flink-comments/flink-filesystems/flink-oss-fs-hadoop/target/surefire/surefirebooter2492453502318926168.jar"/>
    <property name="git.commit.message.full" value="&apos;init&apos;"/>
    <property name="sun.boot.class.path" value="/Library/Java/JavaVirtualMachines/jdk1.8.0_251.jdk/Contents/Home/jre/lib/resources.jar:/Library/Java/JavaVirtualMachines/jdk1.8.0_251.jdk/Contents/Home/jre/lib/rt.jar:/Library/Java/JavaVirtualMachines/jdk1.8.0_251.jdk/Contents/Home/jre/lib/sunrsasign.jar:/Library/Java/JavaVirtualMachines/jdk1.8.0_251.jdk/Contents/Home/jre/lib/jsse.jar:/Library/Java/JavaVirtualMachines/jdk1.8.0_251.jdk/Contents/Home/jre/lib/jce.jar:/Library/Java/JavaVirtualMachines/jdk1.8.0_251.jdk/Contents/Home/jre/lib/charsets.jar:/Library/Java/JavaVirtualMachines/jdk1.8.0_251.jdk/Contents/Home/jre/lib/jfr.jar:/Library/Java/JavaVirtualMachines/jdk1.8.0_251.jdk/Contents/Home/jre/classes"/>
    <property name="sun.management.compiler" value="HotSpot 64-Bit Tiered Compilers"/>
    <property name="ftp.nonProxyHosts" value="local|*.local|169.254/16|*.169.254/16"/>
    <property name="java.runtime.version" value="1.8.0_251-b08"/>
    <property name="user.name" value="linyilong"/>
    <property name="path.separator" value=":"/>
    <property name="os.version" value="10.15.7"/>
    <property name="java.endorsed.dirs" value="/Library/Java/JavaVirtualMachines/jdk1.8.0_251.jdk/Contents/Home/jre/lib/endorsed"/>
    <property name="java.runtime.name" value="Java(TM) SE Runtime Environment"/>
    <property name="file.encoding" value="UTF-8"/>
    <property name="java.vm.name" value="Java HotSpot(TM) 64-Bit Server VM"/>
    <property name="git.local.branch.behind" value="0"/>
    <property name="git.dirty" value="true"/>
    <property name="localRepository" value="/Users/linyilong/.m2/repository"/>
    <property name="java.vendor.url.bug" value="http://bugreport.sun.com/bugreport/"/>
    <property name="java.io.tmpdir" value="/var/folders/13/zrj4_mhs20s73h2kpdjtw4sr0000gn/T/"/>
    <property name="execution.checkpointing.unaligned" value="true"/>
    <property name="java.version" value="1.8.0_251"/>
    <property name="user.dir" value="/Users/linyilong/IdeaProjects/architect/flink-comments/flink-filesystems/flink-oss-fs-hadoop/target"/>
    <property name="os.arch" value="x86_64"/>
    <property name="git.commit.id.abbrev" value="8ae0207"/>
    <property name="java.vm.specification.name" value="Java Virtual Machine Specification"/>
    <property name="java.awt.printerjob" value="sun.lwawt.macosx.CPrinterJob"/>
    <property name="sun.os.patch.level" value="unknown"/>
    <property name="git.commit.message.short" value="&apos;init&apos;"/>
    <property name="java.library.path" value="/Users/linyilong/Library/Java/Extensions:/Library/Java/Extensions:/Network/Library/Java/Extensions:/System/Library/Java/Extensions:/usr/lib/java:."/>
    <property name="java.vendor" value="Oracle Corporation"/>
    <property name="java.vm.info" value="mixed mode"/>
    <property name="java.vm.version" value="25.251-b08"/>
    <property name="sun.io.unicode.encoding" value="UnicodeBig"/>
    <property name="java.ext.dirs" value="/Users/linyilong/Library/Java/Extensions:/Library/Java/JavaVirtualMachines/jdk1.8.0_251.jdk/Contents/Home/jre/lib/ext:/Library/Java/Extensions:/Network/Library/Java/Extensions:/System/Library/Java/Extensions:/usr/lib/java"/>
    <property name="java.class.version" value="52.0"/>
    <property name="socksNonProxyHosts" value="local|*.local|169.254/16|*.169.254/16"/>
    <property name="git.commit.time" value="2021-08-19T09:19:58+0800"/>
  </properties>
  <testcase name="org.apache.flink.fs.osshadoop.HadoopOSSFileSystemBehaviorITCase" classname="org.apache.flink.fs.osshadoop.HadoopOSSFileSystemBehaviorITCase" time="0">
    <skipped message="No OSS credentials available in this test&apos;s environment"/>
  </testcase>
</testsuite>